<?xml version="1.0" encoding="UTF-8"?>
<coverage generated="1705350990207" clover="3.2.0">
  <project timestamp="1705350990207" name="All files">
    <metrics statements="327" coveredstatements="301" conditionals="166" coveredconditionals="114" methods="102" coveredmethods="95" elements="595" coveredelements="510" complexity="0" loc="327" ncloc="327" packages="1" files="9" classes="9"/>
    <file name="analyze.ts" path="/Users/felipeborras/Desktop/cacta-platform/apps/nextjs/src/server/api/routers/analyze.ts">
      <metrics statements="61" coveredstatements="61" conditionals="16" coveredconditionals="11" methods="26" coveredmethods="26"/>
      <line num="7" count="9" type="stmt"/>
      <line num="14" count="9" type="stmt"/>
      <line num="22" count="1" type="stmt"/>
      <line num="41" count="1" type="stmt"/>
      <line num="57" count="1" type="stmt"/>
      <line num="72" count="1" type="stmt"/>
      <line num="81" count="1" type="stmt"/>
      <line num="84" count="1" type="stmt"/>
      <line num="105" count="1" type="stmt"/>
      <line num="106" count="2" type="stmt"/>
      <line num="109" count="1" type="stmt"/>
      <line num="111" count="1" type="stmt"/>
      <line num="112" count="2" type="cond" truecount="2" falsecount="0"/>
      <line num="116" count="1" type="stmt"/>
      <line num="121" count="1" type="stmt"/>
      <line num="131" count="1" type="cond" truecount="1" falsecount="1"/>
      <line num="135" count="1" type="stmt"/>
      <line num="147" count="1" type="stmt"/>
      <line num="149" count="1" type="stmt"/>
      <line num="168" count="1" type="stmt"/>
      <line num="180" count="1" type="stmt"/>
      <line num="182" count="1" type="stmt"/>
      <line num="186" count="1" type="stmt"/>
      <line num="188" count="1" type="stmt"/>
      <line num="189" count="1" type="stmt"/>
      <line num="191" count="1" type="cond" truecount="1" falsecount="1"/>
      <line num="195" count="1" type="stmt"/>
      <line num="201" count="1" type="stmt"/>
      <line num="202" count="1" type="cond" truecount="1" falsecount="1"/>
      <line num="206" count="1" type="stmt"/>
      <line num="207" count="1" type="cond" truecount="1" falsecount="1"/>
      <line num="211" count="1" type="stmt"/>
      <line num="213" count="1" type="stmt"/>
      <line num="224" count="1" type="stmt"/>
      <line num="235" count="1" type="stmt"/>
      <line num="248" count="1" type="stmt"/>
      <line num="250" count="1" type="stmt"/>
      <line num="264" count="1" type="stmt"/>
      <line num="266" count="1" type="stmt"/>
      <line num="267" count="8" type="stmt"/>
      <line num="268" count="8" type="cond" truecount="1" falsecount="1"/>
      <line num="273" count="1" type="stmt"/>
      <line num="274" count="8" type="cond" truecount="2" falsecount="0"/>
      <line num="277" count="6" type="stmt"/>
      <line num="282" count="1" type="stmt"/>
      <line num="284" count="1" type="stmt"/>
      <line num="295" count="1" type="stmt"/>
      <line num="299" count="1" type="stmt"/>
      <line num="308" count="1" type="stmt"/>
      <line num="321" count="1" type="stmt"/>
      <line num="322" count="1" type="stmt"/>
      <line num="326" count="1" type="stmt"/>
      <line num="333" count="1" type="stmt"/>
      <line num="344" count="1" type="stmt"/>
      <line num="365" count="1" type="stmt"/>
      <line num="369" count="1" type="stmt"/>
      <line num="372" count="2" type="stmt"/>
      <line num="376" count="1" type="stmt"/>
      <line num="378" count="1" type="stmt"/>
      <line num="379" count="2" type="cond" truecount="2" falsecount="0"/>
      <line num="383" count="1" type="stmt"/>
    </file>
    <file name="auth.ts" path="/Users/felipeborras/Desktop/cacta-platform/apps/nextjs/src/server/api/routers/auth.ts">
      <metrics statements="14" coveredstatements="14" conditionals="4" coveredconditionals="4" methods="2" coveredmethods="2"/>
      <line num="8" count="9" type="stmt"/>
      <line num="10" count="9" type="stmt"/>
      <line num="14" count="1" type="stmt"/>
      <line num="16" count="1" type="stmt"/>
      <line num="18" count="1" type="stmt"/>
      <line num="35" count="3" type="stmt"/>
      <line num="36" count="3" type="stmt"/>
      <line num="40" count="3" type="cond" truecount="2" falsecount="0"/>
      <line num="41" count="1" type="stmt"/>
      <line num="46" count="2" type="stmt"/>
      <line num="48" count="2" type="cond" truecount="2" falsecount="0"/>
      <line num="49" count="1" type="stmt"/>
      <line num="55" count="1" type="stmt"/>
      <line num="57" count="1" type="stmt"/>
    </file>
    <file name="download.ts" path="/Users/felipeborras/Desktop/cacta-platform/apps/nextjs/src/server/api/routers/download.ts">
      <metrics statements="13" coveredstatements="2" conditionals="4" coveredconditionals="0" methods="5" coveredmethods="1"/>
      <line num="6" count="9" type="stmt"/>
      <line num="15" count="0" type="stmt"/>
      <line num="18" count="0" type="stmt"/>
      <line num="19" count="0" type="stmt"/>
      <line num="24" count="0" type="stmt"/>
      <line num="29" count="1" type="stmt"/>
      <line num="45" count="0" type="stmt"/>
      <line num="47" count="0" type="stmt"/>
      <line num="52" count="0" type="cond" truecount="0" falsecount="2"/>
      <line num="56" count="0" type="cond" truecount="0" falsecount="2"/>
      <line num="60" count="0" type="stmt"/>
      <line num="61" count="0" type="stmt"/>
      <line num="62" count="0" type="stmt"/>
    </file>
    <file name="homePage.ts" path="/Users/felipeborras/Desktop/cacta-platform/apps/nextjs/src/server/api/routers/homePage.ts">
      <metrics statements="34" coveredstatements="34" conditionals="16" coveredconditionals="13" methods="15" coveredmethods="15"/>
      <line num="19" count="9" type="stmt"/>
      <line num="20" count="3" type="cond" truecount="1" falsecount="1"/>
      <line num="22" count="9" type="stmt"/>
      <line num="23" count="4" type="stmt"/>
      <line num="25" count="6" type="cond" truecount="4" falsecount="0"/>
      <line num="31" count="4" type="stmt"/>
      <line num="33" count="6" type="cond" truecount="4" falsecount="0"/>
      <line num="39" count="4" type="cond" truecount="1" falsecount="1"/>
      <line num="42" count="9" type="stmt"/>
      <line num="47" count="4" type="stmt"/>
      <line num="49" count="2" type="stmt"/>
      <line num="50" count="2" type="stmt"/>
      <line num="52" count="2" type="stmt"/>
      <line num="53" count="2" type="stmt"/>
      <line num="54" count="2" type="stmt"/>
      <line num="56" count="2" type="cond" truecount="1" falsecount="1"/>
      <line num="57" count="2" type="stmt"/>
      <line num="58" count="2" type="stmt"/>
      <line num="62" count="2" type="stmt"/>
      <line num="63" count="2" type="stmt"/>
      <line num="64" count="2" type="stmt"/>
      <line num="67" count="2" type="stmt"/>
      <line num="73" count="2" type="stmt"/>
      <line num="76" count="9" type="stmt"/>
      <line num="78" count="2" type="stmt"/>
      <line num="83" count="2" type="cond" truecount="2" falsecount="0"/>
      <line num="85" count="2" type="stmt"/>
      <line num="86" count="1" type="stmt"/>
      <line num="88" count="1" type="stmt"/>
      <line num="95" count="2" type="stmt"/>
      <line num="96" count="2" type="stmt"/>
      <line num="98" count="1" type="stmt"/>
      <line num="112" count="2" type="stmt"/>
      <line num="122" count="1" type="stmt"/>
    </file>
    <file name="initiative.ts" path="/Users/felipeborras/Desktop/cacta-platform/apps/nextjs/src/server/api/routers/initiative.ts">
      <metrics statements="63" coveredstatements="53" conditionals="54" coveredconditionals="38" methods="9" coveredmethods="9"/>
      <line num="15" count="9" type="stmt"/>
      <line num="31" count="4" type="stmt"/>
      <line num="44" count="4" type="cond" truecount="2" falsecount="0"/>
      <line num="45" count="2" type="stmt"/>
      <line num="51" count="2" type="cond" truecount="4" falsecount="0"/>
      <line num="52" count="1" type="stmt"/>
      <line num="57" count="1" type="stmt"/>
      <line num="59" count="1" type="cond" truecount="1" falsecount="1"/>
      <line num="61" count="0" type="stmt"/>
      <line num="65" count="0" type="cond" truecount="0" falsecount="2"/>
      <line num="66" count="0" type="stmt"/>
      <line num="72" count="1" type="stmt"/>
      <line num="82" count="1" type="stmt"/>
      <line num="108" count="10" type="stmt"/>
      <line num="110" count="10" type="stmt"/>
      <line num="112" count="10" type="cond" truecount="2" falsecount="0"/>
      <line num="113" count="3" type="stmt"/>
      <line num="119" count="3" type="stmt"/>
      <line num="127" count="3" type="stmt"/>
      <line num="137" count="1" type="stmt"/>
      <line num="138" count="1" type="stmt"/>
      <line num="145" count="10" type="cond" truecount="2" falsecount="0"/>
      <line num="158" count="10" type="stmt"/>
      <line num="171" count="10" type="cond" truecount="2" falsecount="0"/>
      <line num="174" count="10" type="cond" truecount="1" falsecount="1"/>
      <line num="175" count="0" type="stmt"/>
      <line num="180" count="10" type="cond" truecount="1" falsecount="1"/>
      <line num="181" count="0" type="stmt"/>
      <line num="187" count="10" type="stmt"/>
      <line num="192" count="10" type="stmt"/>
      <line num="209" count="10" type="stmt"/>
      <line num="213" count="10" type="stmt"/>
      <line num="215" count="9" type="stmt"/>
      <line num="225" count="9" type="stmt"/>
      <line num="232" count="10" type="stmt"/>
      <line num="251" count="9" type="stmt"/>
      <line num="252" count="9" type="cond" truecount="2" falsecount="0"/>
      <line num="253" count="1" type="stmt"/>
      <line num="259" count="1" type="stmt"/>
      <line num="261" count="8" type="cond" truecount="1" falsecount="1"/>
      <line num="262" count="8" type="stmt"/>
      <line num="270" count="9" type="stmt"/>
      <line num="272" count="9" type="stmt"/>
      <line num="299" count="10" type="stmt"/>
      <line num="306" count="3" type="stmt"/>
      <line num="320" count="2" type="stmt"/>
      <line num="325" count="2" type="stmt"/>
      <line num="341" count="2" type="stmt"/>
      <line num="355" count="4" type="stmt"/>
      <line num="361" count="1" type="cond" truecount="1" falsecount="1"/>
      <line num="362" count="0" type="stmt"/>
      <line num="385" count="2" type="stmt"/>
      <line num="387" count="2" type="stmt"/>
      <line num="400" count="2" type="cond" truecount="2" falsecount="0"/>
      <line num="401" count="1" type="stmt"/>
      <line num="407" count="1" type="cond" truecount="2" falsecount="2"/>
      <line num="408" count="0" type="stmt"/>
      <line num="413" count="1" type="stmt"/>
      <line num="415" count="1" type="cond" truecount="1" falsecount="1"/>
      <line num="417" count="0" type="stmt"/>
      <line num="421" count="0" type="cond" truecount="0" falsecount="2"/>
      <line num="422" count="0" type="stmt"/>
      <line num="428" count="1" type="stmt"/>
    </file>
    <file name="invitations.ts" path="/Users/felipeborras/Desktop/cacta-platform/apps/nextjs/src/server/api/routers/invitations.ts">
      <metrics statements="40" coveredstatements="40" conditionals="23" coveredconditionals="19" methods="9" coveredmethods="9"/>
      <line num="16" count="9" type="stmt"/>
      <line num="18" count="1" type="stmt"/>
      <line num="25" count="1" type="stmt"/>
      <line num="30" count="1" type="stmt"/>
      <line num="31" count="5" type="stmt"/>
      <line num="33" count="1" type="stmt"/>
      <line num="34" count="6" type="stmt"/>
      <line num="35" count="5" type="stmt"/>
      <line num="38" count="1" type="stmt"/>
      <line num="48" count="1" type="stmt"/>
      <line num="56" count="1" type="cond" truecount="1" falsecount="1"/>
      <line num="57" count="1" type="stmt"/>
      <line num="63" count="1" type="stmt"/>
      <line num="76" count="5" type="stmt"/>
      <line num="82" count="5" type="cond" truecount="2" falsecount="0"/>
      <line num="83" count="1" type="stmt"/>
      <line num="84" count="1" type="stmt"/>
      <line num="86" count="1" type="stmt"/>
      <line num="88" count="1" type="stmt"/>
      <line num="92" count="1" type="stmt"/>
      <line num="96" count="1" type="stmt"/>
      <line num="103" count="1" type="stmt"/>
      <line num="105" count="1" type="stmt"/>
      <line num="120" count="4" type="stmt"/>
      <line num="127" count="4" type="cond" truecount="2" falsecount="0"/>
      <line num="128" count="3" type="cond" truecount="2" falsecount="0"/>
      <line num="129" count="1" type="stmt"/>
      <line num="137" count="3" type="cond" truecount="2" falsecount="0"/>
      <line num="138" count="2" type="cond" truecount="2" falsecount="0"/>
      <line num="139" count="1" type="stmt"/>
      <line num="144" count="1" type="stmt"/>
      <line num="152" count="1" type="stmt"/>
      <line num="159" count="1" type="stmt"/>
      <line num="160" count="1" type="stmt"/>
      <line num="162" count="1" type="stmt"/>
      <line num="182" count="2" type="stmt"/>
      <line num="188" count="2" type="cond" truecount="2" falsecount="0"/>
      <line num="193" count="1" type="stmt"/>
      <line num="199" count="1" type="stmt"/>
      <line num="204" count="1" type="stmt"/>
    </file>
    <file name="monitor.ts" path="/Users/felipeborras/Desktop/cacta-platform/apps/nextjs/src/server/api/routers/monitor.ts">
      <metrics statements="6" coveredstatements="6" conditionals="0" coveredconditionals="0" methods="2" coveredmethods="2"/>
      <line num="5" count="9" type="stmt"/>
      <line num="18" count="1" type="stmt"/>
      <line num="28" count="1" type="stmt"/>
      <line num="44" count="1" type="stmt"/>
      <line num="59" count="1" type="stmt"/>
      <line num="82" count="1" type="stmt"/>
    </file>
    <file name="report.ts" path="/Users/felipeborras/Desktop/cacta-platform/apps/nextjs/src/server/api/routers/report.ts">
      <metrics statements="68" coveredstatements="63" conditionals="36" coveredconditionals="20" methods="24" coveredmethods="21"/>
      <line num="31" count="9" type="stmt"/>
      <line num="33" count="1" type="stmt"/>
      <line num="40" count="1" type="cond" truecount="1" falsecount="1"/>
      <line num="42" count="1" type="stmt"/>
      <line num="44" count="2" type="stmt"/>
      <line num="61" count="2" type="stmt"/>
      <line num="73" count="2" type="stmt"/>
      <line num="83" count="1" type="stmt"/>
      <line num="94" count="2" type="stmt"/>
      <line num="103" count="2" type="stmt"/>
      <line num="104" count="2" type="stmt"/>
      <line num="107" count="2" type="stmt"/>
      <line num="109" count="2" type="stmt"/>
      <line num="120" count="2" type="cond" truecount="2" falsecount="0"/>
      <line num="132" count="2" type="stmt"/>
      <line num="139" count="8" type="stmt"/>
      <line num="142" count="8" type="stmt"/>
      <line num="143" count="2" type="stmt"/>
      <line num="149" count="1" type="stmt"/>
      <line num="154" count="2" type="stmt"/>
      <line num="161" count="2" type="stmt"/>
      <line num="174" count="2" type="cond" truecount="1" falsecount="1"/>
      <line num="176" count="2" type="cond" truecount="1" falsecount="1"/>
      <line num="183" count="2" type="cond" truecount="1" falsecount="1"/>
      <line num="185" count="2" type="stmt"/>
      <line num="200" count="1" type="stmt"/>
      <line num="202" count="2" type="stmt"/>
      <line num="211" count="2" type="stmt"/>
      <line num="215" count="2" type="stmt"/>
      <line num="246" count="2" type="stmt"/>
      <line num="248" count="1" type="stmt"/>
      <line num="250" count="0" type="cond" truecount="0" falsecount="2"/>
      <line num="255" count="1" type="cond" truecount="1" falsecount="1"/>
      <line num="256" count="1" type="stmt"/>
      <line num="264" count="0" type="stmt"/>
      <line num="271" count="0" type="stmt"/>
      <line num="279" count="1" type="stmt"/>
      <line num="284" count="2" type="stmt"/>
      <line num="298" count="1" type="stmt"/>
      <line num="319" count="1" type="stmt"/>
      <line num="320" count="1" type="cond" truecount="1" falsecount="1"/>
      <line num="325" count="1" type="stmt"/>
      <line num="326" count="1" type="stmt"/>
      <line num="327" count="1" type="stmt"/>
      <line num="329" count="1" type="cond" truecount="1" falsecount="1"/>
      <line num="330" count="1" type="stmt"/>
      <line num="345" count="1" type="stmt"/>
      <line num="346" count="1" type="stmt"/>
      <line num="347" count="1" type="stmt"/>
      <line num="348" count="1" type="cond" truecount="1" falsecount="1"/>
      <line num="349" count="1" type="stmt"/>
      <line num="350" count="1" type="stmt"/>
      <line num="351" count="1" type="stmt"/>
      <line num="352" count="1" type="stmt"/>
      <line num="353" count="1" type="stmt"/>
      <line num="359" count="1" type="stmt"/>
      <line num="368" count="1" type="stmt"/>
      <line num="370" count="1" type="stmt"/>
      <line num="372" count="1" type="cond" truecount="1" falsecount="1"/>
      <line num="373" count="0" type="stmt"/>
      <line num="375" count="1" type="stmt"/>
      <line num="378" count="1" type="stmt"/>
      <line num="383" count="1" type="stmt"/>
      <line num="390" count="1" type="stmt"/>
      <line num="391" count="0" type="stmt"/>
      <line num="395" count="1" type="stmt"/>
      <line num="397" count="1" type="stmt"/>
      <line num="411" count="1" type="stmt"/>
    </file>
    <file name="settings.ts" path="/Users/felipeborras/Desktop/cacta-platform/apps/nextjs/src/server/api/routers/settings.ts">
      <metrics statements="28" coveredstatements="28" conditionals="13" coveredconditionals="9" methods="10" coveredmethods="10"/>
      <line num="9" count="9" type="stmt"/>
      <line num="25" count="1" type="stmt"/>
      <line num="27" count="1" type="stmt"/>
      <line num="29" count="1" type="stmt"/>
      <line num="31" count="1" type="cond" truecount="3" falsecount="1"/>
      <line num="32" count="1" type="stmt"/>
      <line num="35" count="1" type="cond" truecount="3" falsecount="2"/>
      <line num="36" count="1" type="stmt"/>
      <line num="39" count="1" type="stmt"/>
      <line num="53" count="2" type="stmt"/>
      <line num="55" count="2" type="stmt"/>
      <line num="60" count="2" type="cond" truecount="2" falsecount="0"/>
      <line num="62" count="1" type="stmt"/>
      <line num="64" count="1" type="stmt"/>
      <line num="71" count="1" type="stmt"/>
      <line num="76" count="2" type="stmt"/>
      <line num="78" count="4" type="stmt"/>
      <line num="81" count="8" type="stmt"/>
      <line num="82" count="2" type="stmt"/>
      <line num="85" count="1" type="stmt"/>
      <line num="95" count="1" type="stmt"/>
      <line num="97" count="1" type="stmt"/>
      <line num="110" count="1" type="stmt"/>
      <line num="112" count="1" type="stmt"/>
      <line num="119" count="1" type="stmt"/>
      <line num="120" count="1" type="stmt"/>
      <line num="122" count="1" type="stmt"/>
      <line num="124" count="3" type="stmt"/>
    </file>
  </project>
</coverage>
