{"/Users/felipeborras/Desktop/cacta-platform/apps/nextjs/src/server/api/routers/analyze.ts": {"path":"/Users/felipeborras/Desktop/cacta-platform/apps/nextjs/src/server/api/routers/analyze.ts","statementMap":{"0":{"start":{"line":7,"column":21},"end":{"line":12,"column":2}},"1":{"start":{"line":14,"column":29},"end":{"line":388,"column":2}},"2":{"start":{"line":22,"column":27},"end":{"line":39,"column":8}},"3":{"start":{"line":41,"column":23},"end":{"line":55,"column":8}},"4":{"start":{"line":57,"column":6},"end":{"line":60,"column":8}},"5":{"start":{"line":72,"column":24},"end":{"line":82,"column":18}},"6":{"start":{"line":81,"column":33},"end":{"line":81,"column":88}},"7":{"start":{"line":84,"column":34},"end":{"line":103,"column":8}},"8":{"start":{"line":105,"column":36},"end":{"line":107,"column":7}},"9":{"start":{"line":106,"column":32},"end":{"line":106,"column":53}},"10":{"start":{"line":109,"column":41},"end":{"line":109,"column":43}},"11":{"start":{"line":111,"column":6},"end":{"line":114,"column":9}},"12":{"start":{"line":112,"column":8},"end":{"line":113,"column":59}},"13":{"start":{"line":112,"column":49},"end":{"line":112,"column":95}},"14":{"start":{"line":116,"column":29},"end":{"line":119,"column":8}},"15":{"start":{"line":121,"column":36},"end":{"line":133,"column":7}},"16":{"start":{"line":131,"column":41},"end":{"line":131,"column":92}},"17":{"start":{"line":135,"column":23},"end":{"line":147,"column":83}},"18":{"start":{"line":147,"column":44},"end":{"line":147,"column":79}},"19":{"start":{"line":149,"column":6},"end":{"line":157,"column":8}},"20":{"start":{"line":168,"column":26},"end":{"line":178,"column":8}},"21":{"start":{"line":180,"column":28},"end":{"line":180,"column":74}},"22":{"start":{"line":180,"column":60},"end":{"line":180,"column":73}},"23":{"start":{"line":182,"column":43},"end":{"line":184,"column":8}},"24":{"start":{"line":186,"column":37},"end":{"line":186,"column":84}},"25":{"start":{"line":188,"column":33},"end":{"line":199,"column":8}},"26":{"start":{"line":189,"column":22},"end":{"line":193,"column":9}},"27":{"start":{"line":191,"column":12},"end":{"line":191,"column":91}},"28":{"start":{"line":195,"column":8},"end":{"line":198,"column":10}},"29":{"start":{"line":201,"column":24},"end":{"line":204,"column":7}},"30":{"start":{"line":202,"column":35},"end":{"line":202,"column":96}},"31":{"start":{"line":206,"column":27},"end":{"line":209,"column":7}},"32":{"start":{"line":207,"column":35},"end":{"line":207,"column":97}},"33":{"start":{"line":211,"column":20},"end":{"line":211,"column":44}},"34":{"start":{"line":213,"column":29},"end":{"line":222,"column":7}},"35":{"start":{"line":224,"column":6},"end":{"line":224,"column":52}},"36":{"start":{"line":235,"column":26},"end":{"line":246,"column":8}},"37":{"start":{"line":248,"column":32},"end":{"line":248,"column":92}},"38":{"start":{"line":248,"column":64},"end":{"line":248,"column":91}},"39":{"start":{"line":250,"column":31},"end":{"line":259,"column":7}},"40":{"start":{"line":264,"column":19},"end":{"line":264,"column":58}},"41":{"start":{"line":266,"column":6},"end":{"line":271,"column":9}},"42":{"start":{"line":267,"column":8},"end":{"line":270,"column":10}},"43":{"start":{"line":268,"column":33},"end":{"line":268,"column":65}},"44":{"start":{"line":273,"column":24},"end":{"line":275,"column":22}},"45":{"start":{"line":274,"column":17},"end":{"line":274,"column":68}},"46":{"start":{"line":277,"column":27},"end":{"line":280,"column":9}},"47":{"start":{"line":277,"column":51},"end":{"line":280,"column":7}},"48":{"start":{"line":282,"column":30},"end":{"line":282,"column":94}},"49":{"start":{"line":284,"column":25},"end":{"line":293,"column":7}},"50":{"start":{"line":295,"column":35},"end":{"line":297,"column":8}},"51":{"start":{"line":299,"column":41},"end":{"line":306,"column":18}},"52":{"start":{"line":308,"column":43},"end":{"line":319,"column":8}},"53":{"start":{"line":321,"column":40},"end":{"line":324,"column":7}},"54":{"start":{"line":322,"column":37},"end":{"line":322,"column":72}},"55":{"start":{"line":326,"column":32},"end":{"line":331,"column":7}},"56":{"start":{"line":333,"column":6},"end":{"line":333,"column":61}},"57":{"start":{"line":344,"column":34},"end":{"line":363,"column":8}},"58":{"start":{"line":365,"column":19},"end":{"line":367,"column":8}},"59":{"start":{"line":369,"column":39},"end":{"line":374,"column":9}},"60":{"start":{"line":369,"column":58},"end":{"line":374,"column":7}},"61":{"start":{"line":372,"column":34},"end":{"line":372,"column":80}},"62":{"start":{"line":376,"column":41},"end":{"line":376,"column":43}},"63":{"start":{"line":378,"column":6},"end":{"line":381,"column":9}},"64":{"start":{"line":379,"column":8},"end":{"line":380,"column":59}},"65":{"start":{"line":379,"column":49},"end":{"line":379,"column":95}},"66":{"start":{"line":383,"column":6},"end":{"line":386,"column":8}}},"fnMap":{"0":{"name":"(anonymous_0)","decl":{"start":{"line":21,"column":11},"end":{"line":21,"column":12}},"loc":{"start":{"line":21,"column":37},"end":{"line":61,"column":5}},"line":21},"1":{"name":"(anonymous_1)","decl":{"start":{"line":71,"column":11},"end":{"line":71,"column":12}},"loc":{"start":{"line":71,"column":37},"end":{"line":158,"column":5}},"line":71},"2":{"name":"(anonymous_2)","decl":{"start":{"line":81,"column":8},"end":{"line":81,"column":9}},"loc":{"start":{"line":81,"column":33},"end":{"line":81,"column":88}},"line":81},"3":{"name":"(anonymous_3)","decl":{"start":{"line":106,"column":8},"end":{"line":106,"column":9}},"loc":{"start":{"line":106,"column":32},"end":{"line":106,"column":53}},"line":106},"4":{"name":"(anonymous_4)","decl":{"start":{"line":111,"column":34},"end":{"line":111,"column":35}},"loc":{"start":{"line":111,"column":58},"end":{"line":114,"column":7}},"line":111},"5":{"name":"(anonymous_5)","decl":{"start":{"line":112,"column":29},"end":{"line":112,"column":30}},"loc":{"start":{"line":112,"column":49},"end":{"line":112,"column":95}},"line":112},"6":{"name":"(anonymous_6)","decl":{"start":{"line":131,"column":8},"end":{"line":131,"column":9}},"loc":{"start":{"line":131,"column":41},"end":{"line":131,"column":92}},"line":131},"7":{"name":"(anonymous_7)","decl":{"start":{"line":147,"column":15},"end":{"line":147,"column":16}},"loc":{"start":{"line":147,"column":44},"end":{"line":147,"column":79}},"line":147},"8":{"name":"(anonymous_8)","decl":{"start":{"line":167,"column":11},"end":{"line":167,"column":12}},"loc":{"start":{"line":167,"column":37},"end":{"line":225,"column":5}},"line":167},"9":{"name":"(anonymous_9)","decl":{"start":{"line":180,"column":44},"end":{"line":180,"column":45}},"loc":{"start":{"line":180,"column":60},"end":{"line":180,"column":73}},"line":180},"10":{"name":"(anonymous_10)","decl":{"start":{"line":188,"column":60},"end":{"line":188,"column":61}},"loc":{"start":{"line":188,"column":72},"end":{"line":199,"column":7}},"line":188},"11":{"name":"(anonymous_11)","decl":{"start":{"line":190,"column":10},"end":{"line":190,"column":11}},"loc":{"start":{"line":191,"column":12},"end":{"line":191,"column":91}},"line":191},"12":{"name":"(anonymous_12)","decl":{"start":{"line":202,"column":8},"end":{"line":202,"column":9}},"loc":{"start":{"line":202,"column":35},"end":{"line":202,"column":96}},"line":202},"13":{"name":"(anonymous_13)","decl":{"start":{"line":207,"column":8},"end":{"line":207,"column":9}},"loc":{"start":{"line":207,"column":35},"end":{"line":207,"column":97}},"line":207},"14":{"name":"(anonymous_14)","decl":{"start":{"line":234,"column":11},"end":{"line":234,"column":12}},"loc":{"start":{"line":234,"column":37},"end":{"line":334,"column":5}},"line":234},"15":{"name":"(anonymous_15)","decl":{"start":{"line":248,"column":48},"end":{"line":248,"column":49}},"loc":{"start":{"line":248,"column":64},"end":{"line":248,"column":91}},"line":248},"16":{"name":"(anonymous_16)","decl":{"start":{"line":266,"column":19},"end":{"line":266,"column":20}},"loc":{"start":{"line":266,"column":28},"end":{"line":271,"column":7}},"line":266},"17":{"name":"(anonymous_17)","decl":{"start":{"line":268,"column":10},"end":{"line":268,"column":11}},"loc":{"start":{"line":268,"column":33},"end":{"line":268,"column":65}},"line":268},"18":{"name":"(anonymous_18)","decl":{"start":{"line":274,"column":8},"end":{"line":274,"column":9}},"loc":{"start":{"line":274,"column":17},"end":{"line":274,"column":68}},"line":274},"19":{"name":"(anonymous_19)","decl":{"start":{"line":277,"column":41},"end":{"line":277,"column":42}},"loc":{"start":{"line":277,"column":51},"end":{"line":280,"column":7}},"line":277},"20":{"name":"(anonymous_20)","decl":{"start":{"line":322,"column":8},"end":{"line":322,"column":9}},"loc":{"start":{"line":322,"column":37},"end":{"line":322,"column":72}},"line":322},"21":{"name":"(anonymous_21)","decl":{"start":{"line":343,"column":11},"end":{"line":343,"column":12}},"loc":{"start":{"line":343,"column":37},"end":{"line":387,"column":5}},"line":343},"22":{"name":"(anonymous_22)","decl":{"start":{"line":369,"column":48},"end":{"line":369,"column":49}},"loc":{"start":{"line":369,"column":58},"end":{"line":374,"column":7}},"line":369},"23":{"name":"(anonymous_23)","decl":{"start":{"line":372,"column":10},"end":{"line":372,"column":11}},"loc":{"start":{"line":372,"column":34},"end":{"line":372,"column":80}},"line":372},"24":{"name":"(anonymous_24)","decl":{"start":{"line":378,"column":34},"end":{"line":378,"column":35}},"loc":{"start":{"line":378,"column":58},"end":{"line":381,"column":7}},"line":378},"25":{"name":"(anonymous_25)","decl":{"start":{"line":379,"column":29},"end":{"line":379,"column":30}},"loc":{"start":{"line":379,"column":49},"end":{"line":379,"column":95}},"line":379}},"branchMap":{"0":{"loc":{"start":{"line":112,"column":8},"end":{"line":113,"column":58}},"type":"binary-expr","locations":[{"start":{"line":112,"column":8},"end":{"line":112,"column":96}},{"start":{"line":113,"column":10},"end":{"line":113,"column":58}}],"line":112},"1":{"loc":{"start":{"line":131,"column":56},"end":{"line":131,"column":91}},"type":"binary-expr","locations":[{"start":{"line":131,"column":56},"end":{"line":131,"column":86}},{"start":{"line":131,"column":90},"end":{"line":131,"column":91}}],"line":131},"2":{"loc":{"start":{"line":191,"column":12},"end":{"line":191,"column":91}},"type":"cond-expr","locations":[{"start":{"line":191,"column":53},"end":{"line":191,"column":77}},{"start":{"line":191,"column":80},"end":{"line":191,"column":91}}],"line":191},"3":{"loc":{"start":{"line":202,"column":35},"end":{"line":202,"column":96}},"type":"cond-expr","locations":[{"start":{"line":202,"column":55},"end":{"line":202,"column":82}},{"start":{"line":202,"column":85},"end":{"line":202,"column":96}}],"line":202},"4":{"loc":{"start":{"line":207,"column":35},"end":{"line":207,"column":97}},"type":"cond-expr","locations":[{"start":{"line":207,"column":56},"end":{"line":207,"column":83}},{"start":{"line":207,"column":86},"end":{"line":207,"column":97}}],"line":207},"5":{"loc":{"start":{"line":268,"column":48},"end":{"line":268,"column":64}},"type":"binary-expr","locations":[{"start":{"line":268,"column":48},"end":{"line":268,"column":59}},{"start":{"line":268,"column":63},"end":{"line":268,"column":64}}],"line":268},"6":{"loc":{"start":{"line":274,"column":17},"end":{"line":274,"column":68}},"type":"binary-expr","locations":[{"start":{"line":274,"column":17},"end":{"line":274,"column":40}},{"start":{"line":274,"column":44},"end":{"line":274,"column":68}}],"line":274},"7":{"loc":{"start":{"line":379,"column":8},"end":{"line":380,"column":58}},"type":"binary-expr","locations":[{"start":{"line":379,"column":8},"end":{"line":379,"column":96}},{"start":{"line":380,"column":10},"end":{"line":380,"column":58}}],"line":379}},"s":{"0":9,"1":9,"2":1,"3":1,"4":1,"5":1,"6":1,"7":1,"8":1,"9":2,"10":1,"11":1,"12":2,"13":1,"14":1,"15":1,"16":1,"17":1,"18":1,"19":1,"20":1,"21":1,"22":1,"23":1,"24":1,"25":1,"26":1,"27":1,"28":1,"29":1,"30":1,"31":1,"32":1,"33":1,"34":1,"35":1,"36":1,"37":1,"38":1,"39":1,"40":1,"41":1,"42":8,"43":8,"44":1,"45":8,"46":1,"47":6,"48":1,"49":1,"50":1,"51":1,"52":1,"53":1,"54":1,"55":1,"56":1,"57":1,"58":1,"59":1,"60":1,"61":2,"62":1,"63":1,"64":2,"65":1,"66":1},"f":{"0":1,"1":1,"2":1,"3":2,"4":2,"5":1,"6":1,"7":1,"8":1,"9":1,"10":1,"11":1,"12":1,"13":1,"14":1,"15":1,"16":8,"17":8,"18":8,"19":6,"20":1,"21":1,"22":1,"23":2,"24":2,"25":1},"b":{"0":[2,2],"1":[1,0],"2":[1,0],"3":[1,0],"4":[0,1],"5":[8,0],"6":[8,7],"7":[2,2]},"_coverageSchema":"1a1c01bbd47fc00a2c39e90264f33305004495a9","hash":"7ea887ff7cb4c1aa4be44baeeff98ba044cd5296"}
,"/Users/felipeborras/Desktop/cacta-platform/apps/nextjs/src/server/api/routers/auth.ts": {"path":"/Users/felipeborras/Desktop/cacta-platform/apps/nextjs/src/server/api/routers/auth.ts","statementMap":{"0":{"start":{"line":8,"column":27},"end":{"line":8,"column":29}},"1":{"start":{"line":10,"column":26},"end":{"line":64,"column":2}},"2":{"start":{"line":14,"column":21},"end":{"line":14,"column":40}},"3":{"start":{"line":16,"column":29},"end":{"line":16,"column":65}},"4":{"start":{"line":18,"column":6},"end":{"line":24,"column":9}},"5":{"start":{"line":35,"column":21},"end":{"line":35,"column":40}},"6":{"start":{"line":36,"column":19},"end":{"line":38,"column":8}},"7":{"start":{"line":40,"column":6},"end":{"line":44,"column":7}},"8":{"start":{"line":41,"column":8},"end":{"line":43,"column":11}},"9":{"start":{"line":46,"column":31},"end":{"line":46,"column":83}},"10":{"start":{"line":48,"column":6},"end":{"line":53,"column":7}},"11":{"start":{"line":49,"column":8},"end":{"line":52,"column":11}},"12":{"start":{"line":55,"column":32},"end":{"line":55,"column":68}},"13":{"start":{"line":57,"column":6},"end":{"line":62,"column":9}}},"fnMap":{"0":{"name":"(anonymous_0)","decl":{"start":{"line":13,"column":14},"end":{"line":13,"column":15}},"loc":{"start":{"line":13,"column":57},"end":{"line":25,"column":5}},"line":13},"1":{"name":"(anonymous_1)","decl":{"start":{"line":34,"column":14},"end":{"line":34,"column":15}},"loc":{"start":{"line":34,"column":92},"end":{"line":63,"column":5}},"line":34}},"branchMap":{"0":{"loc":{"start":{"line":40,"column":6},"end":{"line":44,"column":7}},"type":"if","locations":[{"start":{"line":40,"column":6},"end":{"line":44,"column":7}},{"start":{},"end":{}}],"line":40},"1":{"loc":{"start":{"line":48,"column":6},"end":{"line":53,"column":7}},"type":"if","locations":[{"start":{"line":48,"column":6},"end":{"line":53,"column":7}},{"start":{},"end":{}}],"line":48}},"s":{"0":9,"1":9,"2":1,"3":1,"4":1,"5":3,"6":3,"7":3,"8":1,"9":2,"10":2,"11":1,"12":1,"13":1},"f":{"0":1,"1":3},"b":{"0":[1,2],"1":[1,1]},"_coverageSchema":"1a1c01bbd47fc00a2c39e90264f33305004495a9","hash":"7af83e1b4d9fdfc1d2eec28b650838efd238e978"}
,"/Users/felipeborras/Desktop/cacta-platform/apps/nextjs/src/server/api/routers/download.ts": {"path":"/Users/felipeborras/Desktop/cacta-platform/apps/nextjs/src/server/api/routers/download.ts","statementMap":{"0":{"start":{"line":6,"column":30},"end":{"line":66,"column":2}},"1":{"start":{"line":15,"column":27},"end":{"line":17,"column":8}},"2":{"start":{"line":18,"column":21},"end":{"line":18,"column":51}},"3":{"start":{"line":19,"column":29},"end":{"line":22,"column":8}},"4":{"start":{"line":24,"column":6},"end":{"line":24,"column":46}},"5":{"start":{"line":29,"column":6},"end":{"line":34,"column":8}},"6":{"start":{"line":45,"column":29},"end":{"line":45,"column":55}},"7":{"start":{"line":47,"column":43},"end":{"line":50,"column":8}},"8":{"start":{"line":52,"column":6},"end":{"line":54,"column":7}},"9":{"start":{"line":56,"column":6},"end":{"line":58,"column":7}},"10":{"start":{"line":60,"column":6},"end":{"line":64,"column":9}},"11":{"start":{"line":61,"column":8},"end":{"line":63,"column":17}},"12":{"start":{"line":62,"column":10},"end":{"line":62,"column":20}}},"fnMap":{"0":{"name":"(anonymous_0)","decl":{"start":{"line":14,"column":14},"end":{"line":14,"column":15}},"loc":{"start":{"line":14,"column":40},"end":{"line":25,"column":5}},"line":14},"1":{"name":"(anonymous_1)","decl":{"start":{"line":28,"column":4},"end":{"line":28,"column":5}},"loc":{"start":{"line":29,"column":6},"end":{"line":34,"column":8}},"line":29},"2":{"name":"(anonymous_2)","decl":{"start":{"line":44,"column":14},"end":{"line":44,"column":15}},"loc":{"start":{"line":44,"column":40},"end":{"line":65,"column":5}},"line":44},"3":{"name":"(anonymous_3)","decl":{"start":{"line":60,"column":30},"end":{"line":60,"column":31}},"loc":{"start":{"line":60,"column":43},"end":{"line":64,"column":7}},"line":60},"4":{"name":"(anonymous_4)","decl":{"start":{"line":61,"column":19},"end":{"line":61,"column":20}},"loc":{"start":{"line":61,"column":25},"end":{"line":63,"column":9}},"line":61}},"branchMap":{"0":{"loc":{"start":{"line":52,"column":6},"end":{"line":54,"column":7}},"type":"if","locations":[{"start":{"line":52,"column":6},"end":{"line":54,"column":7}},{"start":{},"end":{}}],"line":52},"1":{"loc":{"start":{"line":56,"column":6},"end":{"line":58,"column":7}},"type":"if","locations":[{"start":{"line":56,"column":6},"end":{"line":58,"column":7}},{"start":{},"end":{}}],"line":56}},"s":{"0":9,"1":0,"2":0,"3":0,"4":0,"5":1,"6":0,"7":0,"8":0,"9":0,"10":0,"11":0,"12":0},"f":{"0":0,"1":1,"2":0,"3":0,"4":0},"b":{"0":[0,0],"1":[0,0]},"_coverageSchema":"1a1c01bbd47fc00a2c39e90264f33305004495a9","hash":"88caaab27dc96c6d980bf5e76f3c479ff43117e2"}
,"/Users/felipeborras/Desktop/cacta-platform/apps/nextjs/src/server/api/routers/homePage.ts": {"path":"/Users/felipeborras/Desktop/cacta-platform/apps/nextjs/src/server/api/routers/homePage.ts","statementMap":{"0":{"start":{"line":19,"column":21},"end":{"line":20,"column":84}},"1":{"start":{"line":20,"column":2},"end":{"line":20,"column":84}},"2":{"start":{"line":20,"column":39},"end":{"line":20,"column":67}},"3":{"start":{"line":22,"column":20},"end":{"line":40,"column":1}},"4":{"start":{"line":23,"column":19},"end":{"line":29,"column":3}},"5":{"start":{"line":25,"column":6},"end":{"line":27,"column":21}},"6":{"start":{"line":31,"column":29},"end":{"line":37,"column":3}},"7":{"start":{"line":33,"column":6},"end":{"line":35,"column":21}},"8":{"start":{"line":39,"column":2},"end":{"line":39,"column":73}},"9":{"start":{"line":42,"column":29},"end":{"line":74,"column":1}},"10":{"start":{"line":47,"column":30},"end":{"line":47,"column":92}},"11":{"start":{"line":47,"column":65},"end":{"line":47,"column":91}},"12":{"start":{"line":49,"column":30},"end":{"line":49,"column":32}},"13":{"start":{"line":50,"column":27},"end":{"line":50,"column":36}},"14":{"start":{"line":52,"column":2},"end":{"line":60,"column":5}},"15":{"start":{"line":53,"column":20},"end":{"line":53,"column":54}},"16":{"start":{"line":54,"column":22},"end":{"line":54,"column":32}},"17":{"start":{"line":56,"column":4},"end":{"line":59,"column":5}},"18":{"start":{"line":57,"column":6},"end":{"line":57,"column":38}},"19":{"start":{"line":58,"column":6},"end":{"line":58,"column":29}},"20":{"start":{"line":62,"column":28},"end":{"line":71,"column":4}},"21":{"start":{"line":63,"column":25},"end":{"line":65,"column":5}},"22":{"start":{"line":64,"column":22},"end":{"line":64,"column":73}},"23":{"start":{"line":67,"column":4},"end":{"line":70,"column":6}},"24":{"start":{"line":73,"column":2},"end":{"line":73,"column":27}},"25":{"start":{"line":76,"column":30},"end":{"line":124,"column":2}},"26":{"start":{"line":78,"column":17},"end":{"line":81,"column":6}},"27":{"start":{"line":83,"column":4},"end":{"line":83,"column":58}},"28":{"start":{"line":83,"column":15},"end":{"line":83,"column":58}},"29":{"start":{"line":85,"column":21},"end":{"line":85,"column":59}},"30":{"start":{"line":85,"column":52},"end":{"line":85,"column":58}},"31":{"start":{"line":86,"column":20},"end":{"line":86,"column":74}},"32":{"start":{"line":88,"column":26},"end":{"line":93,"column":6}},"33":{"start":{"line":95,"column":27},"end":{"line":95,"column":66}},"34":{"start":{"line":95,"column":55},"end":{"line":95,"column":65}},"35":{"start":{"line":96,"column":25},"end":{"line":96,"column":93}},"36":{"start":{"line":96,"column":60},"end":{"line":96,"column":92}},"37":{"start":{"line":98,"column":24},"end":{"line":110,"column":6}},"38":{"start":{"line":112,"column":25},"end":{"line":120,"column":7}},"39":{"start":{"line":112,"column":52},"end":{"line":120,"column":5}},"40":{"start":{"line":122,"column":4},"end":{"line":122,"column":37}}},"fnMap":{"0":{"name":"(anonymous_0)","decl":{"start":{"line":19,"column":21},"end":{"line":19,"column":22}},"loc":{"start":{"line":20,"column":2},"end":{"line":20,"column":84}},"line":20},"1":{"name":"(anonymous_1)","decl":{"start":{"line":20,"column":21},"end":{"line":20,"column":22}},"loc":{"start":{"line":20,"column":39},"end":{"line":20,"column":67}},"line":20},"2":{"name":"(anonymous_2)","decl":{"start":{"line":22,"column":20},"end":{"line":22,"column":21}},"loc":{"start":{"line":22,"column":95},"end":{"line":40,"column":1}},"line":22},"3":{"name":"(anonymous_3)","decl":{"start":{"line":24,"column":4},"end":{"line":24,"column":5}},"loc":{"start":{"line":25,"column":6},"end":{"line":27,"column":21}},"line":25},"4":{"name":"(anonymous_4)","decl":{"start":{"line":32,"column":4},"end":{"line":32,"column":5}},"loc":{"start":{"line":33,"column":6},"end":{"line":35,"column":21}},"line":33},"5":{"name":"(anonymous_5)","decl":{"start":{"line":42,"column":29},"end":{"line":42,"column":30}},"loc":{"start":{"line":46,"column":5},"end":{"line":74,"column":1}},"line":46},"6":{"name":"(anonymous_6)","decl":{"start":{"line":47,"column":49},"end":{"line":47,"column":50}},"loc":{"start":{"line":47,"column":65},"end":{"line":47,"column":91}},"line":47},"7":{"name":"(anonymous_7)","decl":{"start":{"line":52,"column":30},"end":{"line":52,"column":31}},"loc":{"start":{"line":52,"column":46},"end":{"line":60,"column":3}},"line":52},"8":{"name":"(anonymous_8)","decl":{"start":{"line":62,"column":41},"end":{"line":62,"column":42}},"loc":{"start":{"line":62,"column":54},"end":{"line":71,"column":3}},"line":62},"9":{"name":"(anonymous_9)","decl":{"start":{"line":64,"column":6},"end":{"line":64,"column":7}},"loc":{"start":{"line":64,"column":22},"end":{"line":64,"column":73}},"line":64},"10":{"name":"(anonymous_10)","decl":{"start":{"line":77,"column":41},"end":{"line":77,"column":42}},"loc":{"start":{"line":77,"column":60},"end":{"line":123,"column":3}},"line":77},"11":{"name":"(anonymous_11)","decl":{"start":{"line":85,"column":43},"end":{"line":85,"column":44}},"loc":{"start":{"line":85,"column":52},"end":{"line":85,"column":58}},"line":85},"12":{"name":"(anonymous_12)","decl":{"start":{"line":95,"column":45},"end":{"line":95,"column":46}},"loc":{"start":{"line":95,"column":55},"end":{"line":95,"column":65}},"line":95},"13":{"name":"(anonymous_13)","decl":{"start":{"line":96,"column":50},"end":{"line":96,"column":51}},"loc":{"start":{"line":96,"column":60},"end":{"line":96,"column":92}},"line":96},"14":{"name":"(anonymous_14)","decl":{"start":{"line":112,"column":42},"end":{"line":112,"column":43}},"loc":{"start":{"line":112,"column":52},"end":{"line":120,"column":5}},"line":112}},"branchMap":{"0":{"loc":{"start":{"line":20,"column":2},"end":{"line":20,"column":84}},"type":"binary-expr","locations":[{"start":{"line":20,"column":2},"end":{"line":20,"column":79}},{"start":{"line":20,"column":83},"end":{"line":20,"column":84}}],"line":20},"1":{"loc":{"start":{"line":25,"column":6},"end":{"line":27,"column":21}},"type":"cond-expr","locations":[{"start":{"line":26,"column":10},"end":{"line":26,"column":45}},{"start":{"line":27,"column":10},"end":{"line":27,"column":21}}],"line":25},"2":{"loc":{"start":{"line":25,"column":6},"end":{"line":25,"column":78}},"type":"binary-expr","locations":[{"start":{"line":25,"column":6},"end":{"line":25,"column":32}},{"start":{"line":25,"column":36},"end":{"line":25,"column":78}}],"line":25},"3":{"loc":{"start":{"line":33,"column":6},"end":{"line":35,"column":21}},"type":"cond-expr","locations":[{"start":{"line":34,"column":10},"end":{"line":34,"column":66}},{"start":{"line":35,"column":10},"end":{"line":35,"column":21}}],"line":33},"4":{"loc":{"start":{"line":33,"column":6},"end":{"line":33,"column":78}},"type":"binary-expr","locations":[{"start":{"line":33,"column":6},"end":{"line":33,"column":32}},{"start":{"line":33,"column":36},"end":{"line":33,"column":78}}],"line":33},"5":{"loc":{"start":{"line":39,"column":9},"end":{"line":39,"column":72}},"type":"cond-expr","locations":[{"start":{"line":39,"column":32},"end":{"line":39,"column":40}},{"start":{"line":39,"column":43},"end":{"line":39,"column":72}}],"line":39},"6":{"loc":{"start":{"line":56,"column":4},"end":{"line":59,"column":5}},"type":"if","locations":[{"start":{"line":56,"column":4},"end":{"line":59,"column":5}},{"start":{},"end":{}}],"line":56},"7":{"loc":{"start":{"line":83,"column":4},"end":{"line":83,"column":58}},"type":"if","locations":[{"start":{"line":83,"column":4},"end":{"line":83,"column":58}},{"start":{},"end":{}}],"line":83}},"s":{"0":9,"1":2,"2":3,"3":9,"4":4,"5":6,"6":4,"7":6,"8":4,"9":9,"10":2,"11":4,"12":2,"13":2,"14":2,"15":2,"16":2,"17":2,"18":2,"19":2,"20":2,"21":2,"22":2,"23":2,"24":2,"25":9,"26":2,"27":2,"28":1,"29":1,"30":2,"31":1,"32":1,"33":1,"34":2,"35":1,"36":2,"37":1,"38":1,"39":2,"40":1},"f":{"0":2,"1":3,"2":4,"3":6,"4":6,"5":2,"6":4,"7":2,"8":2,"9":2,"10":2,"11":2,"12":2,"13":2,"14":2},"b":{"0":[2,0],"1":[4,2],"2":[6,4],"3":[4,2],"4":[6,4],"5":[0,4],"6":[2,0],"7":[1,1]},"_coverageSchema":"1a1c01bbd47fc00a2c39e90264f33305004495a9","hash":"d212101a9b1e48c3ce158eb3d1c3d3cd1a1cf73d"}
,"/Users/felipeborras/Desktop/cacta-platform/apps/nextjs/src/server/api/routers/initiative.ts": {"path":"/Users/felipeborras/Desktop/cacta-platform/apps/nextjs/src/server/api/routers/initiative.ts","statementMap":{"0":{"start":{"line":15,"column":32},"end":{"line":433,"column":2}},"1":{"start":{"line":31,"column":36},"end":{"line":42,"column":8}},"2":{"start":{"line":44,"column":6},"end":{"line":49,"column":11}},"3":{"start":{"line":45,"column":8},"end":{"line":49,"column":11}},"4":{"start":{"line":51,"column":6},"end":{"line":55,"column":11}},"5":{"start":{"line":52,"column":8},"end":{"line":55,"column":11}},"6":{"start":{"line":57,"column":37},"end":{"line":57,"column":64}},"7":{"start":{"line":59,"column":6},"end":{"line":70,"column":7}},"8":{"start":{"line":61,"column":10},"end":{"line":63,"column":12}},"9":{"start":{"line":65,"column":8},"end":{"line":69,"column":13}},"10":{"start":{"line":66,"column":10},"end":{"line":69,"column":13}},"11":{"start":{"line":72,"column":25},"end":{"line":80,"column":8}},"12":{"start":{"line":82,"column":6},"end":{"line":82,"column":24}},"13":{"start":{"line":108,"column":44},"end":{"line":108,"column":49}},"14":{"start":{"line":110,"column":25},"end":{"line":110,"column":27}},"15":{"start":{"line":112,"column":6},"end":{"line":143,"column":7}},"16":{"start":{"line":113,"column":49},"end":{"line":117,"column":9}},"17":{"start":{"line":119,"column":53},"end":{"line":125,"column":9}},"18":{"start":{"line":127,"column":8},"end":{"line":142,"column":10}},"19":{"start":{"line":137,"column":59},"end":{"line":137,"column":61}},"20":{"start":{"line":138,"column":63},"end":{"line":138,"column":65}},"21":{"start":{"line":145,"column":25},"end":{"line":156,"column":12}},"22":{"start":{"line":158,"column":31},"end":{"line":169,"column":7}},"23":{"start":{"line":171,"column":36},"end":{"line":171,"column":95}},"24":{"start":{"line":174,"column":6},"end":{"line":190,"column":7}},"25":{"start":{"line":175,"column":8},"end":{"line":179,"column":10}},"26":{"start":{"line":180,"column":13},"end":{"line":190,"column":7}},"27":{"start":{"line":181,"column":8},"end":{"line":185,"column":10}},"28":{"start":{"line":187,"column":8},"end":{"line":189,"column":10}},"29":{"start":{"line":192,"column":26},"end":{"line":207,"column":8}},"30":{"start":{"line":209,"column":31},"end":{"line":211,"column":8}},"31":{"start":{"line":213,"column":46},"end":{"line":230,"column":7}},"32":{"start":{"line":215,"column":35},"end":{"line":223,"column":12}},"33":{"start":{"line":225,"column":10},"end":{"line":228,"column":12}},"34":{"start":{"line":232,"column":34},"end":{"line":297,"column":7}},"35":{"start":{"line":251,"column":48},"end":{"line":251,"column":52}},"36":{"start":{"line":252,"column":12},"end":{"line":268,"column":13}},"37":{"start":{"line":253,"column":43},"end":{"line":258,"column":15}},"38":{"start":{"line":259,"column":14},"end":{"line":260,"column":86}},"39":{"start":{"line":261,"column":19},"end":{"line":268,"column":13}},"40":{"start":{"line":262,"column":14},"end":{"line":267,"column":23}},"41":{"start":{"line":270,"column":35},"end":{"line":270,"column":87}},"42":{"start":{"line":272,"column":12},"end":{"line":294,"column":14}},"43":{"start":{"line":299,"column":6},"end":{"line":302,"column":8}},"44":{"start":{"line":306,"column":21},"end":{"line":318,"column":6}},"45":{"start":{"line":320,"column":17},"end":{"line":323,"column":6}},"46":{"start":{"line":325,"column":21},"end":{"line":339,"column":6}},"47":{"start":{"line":341,"column":4},"end":{"line":345,"column":6}},"48":{"start":{"line":355,"column":32},"end":{"line":359,"column":8}},"49":{"start":{"line":361,"column":6},"end":{"line":366,"column":7}},"50":{"start":{"line":362,"column":8},"end":{"line":365,"column":11}},"51":{"start":{"line":385,"column":46},"end":{"line":385,"column":51}},"52":{"start":{"line":387,"column":36},"end":{"line":398,"column":8}},"53":{"start":{"line":400,"column":6},"end":{"line":405,"column":11}},"54":{"start":{"line":401,"column":8},"end":{"line":405,"column":11}},"55":{"start":{"line":407,"column":6},"end":{"line":411,"column":11}},"56":{"start":{"line":408,"column":8},"end":{"line":411,"column":11}},"57":{"start":{"line":413,"column":37},"end":{"line":413,"column":64}},"58":{"start":{"line":415,"column":6},"end":{"line":426,"column":7}},"59":{"start":{"line":417,"column":10},"end":{"line":419,"column":12}},"60":{"start":{"line":421,"column":8},"end":{"line":425,"column":13}},"61":{"start":{"line":422,"column":10},"end":{"line":425,"column":13}},"62":{"start":{"line":428,"column":6},"end":{"line":431,"column":9}}},"fnMap":{"0":{"name":"(anonymous_0)","decl":{"start":{"line":30,"column":14},"end":{"line":30,"column":15}},"loc":{"start":{"line":30,"column":40},"end":{"line":83,"column":5}},"line":30},"1":{"name":"(anonymous_1)","decl":{"start":{"line":107,"column":11},"end":{"line":107,"column":12}},"loc":{"start":{"line":107,"column":37},"end":{"line":303,"column":5}},"line":107},"2":{"name":"(anonymous_2)","decl":{"start":{"line":137,"column":47},"end":{"line":137,"column":48}},"loc":{"start":{"line":137,"column":59},"end":{"line":137,"column":61}},"line":137},"3":{"name":"(anonymous_3)","decl":{"start":{"line":138,"column":51},"end":{"line":138,"column":52}},"loc":{"start":{"line":138,"column":63},"end":{"line":138,"column":65}},"line":138},"4":{"name":"(anonymous_4)","decl":{"start":{"line":214,"column":24},"end":{"line":214,"column":25}},"loc":{"start":{"line":214,"column":46},"end":{"line":229,"column":9}},"line":214},"5":{"name":"(anonymous_5)","decl":{"start":{"line":234,"column":10},"end":{"line":234,"column":11}},"loc":{"start":{"line":250,"column":16},"end":{"line":295,"column":11}},"line":250},"6":{"name":"(anonymous_6)","decl":{"start":{"line":305,"column":52},"end":{"line":305,"column":53}},"loc":{"start":{"line":305,"column":71},"end":{"line":346,"column":3}},"line":305},"7":{"name":"(anonymous_7)","decl":{"start":{"line":354,"column":14},"end":{"line":354,"column":15}},"loc":{"start":{"line":354,"column":40},"end":{"line":367,"column":5}},"line":354},"8":{"name":"(anonymous_8)","decl":{"start":{"line":384,"column":14},"end":{"line":384,"column":15}},"loc":{"start":{"line":384,"column":40},"end":{"line":432,"column":5}},"line":384}},"branchMap":{"0":{"loc":{"start":{"line":44,"column":6},"end":{"line":49,"column":11}},"type":"if","locations":[{"start":{"line":44,"column":6},"end":{"line":49,"column":11}},{"start":{},"end":{}}],"line":44},"1":{"loc":{"start":{"line":51,"column":6},"end":{"line":55,"column":11}},"type":"if","locations":[{"start":{"line":51,"column":6},"end":{"line":55,"column":11}},{"start":{},"end":{}}],"line":51},"2":{"loc":{"start":{"line":51,"column":10},"end":{"line":51,"column":80}},"type":"binary-expr","locations":[{"start":{"line":51,"column":10},"end":{"line":51,"column":44}},{"start":{"line":51,"column":48},"end":{"line":51,"column":80}}],"line":51},"3":{"loc":{"start":{"line":59,"column":6},"end":{"line":70,"column":7}},"type":"if","locations":[{"start":{"line":59,"column":6},"end":{"line":70,"column":7}},{"start":{},"end":{}}],"line":59},"4":{"loc":{"start":{"line":65,"column":8},"end":{"line":69,"column":13}},"type":"if","locations":[{"start":{"line":65,"column":8},"end":{"line":69,"column":13}},{"start":{},"end":{}}],"line":65},"5":{"loc":{"start":{"line":112,"column":6},"end":{"line":143,"column":7}},"type":"if","locations":[{"start":{"line":112,"column":6},"end":{"line":143,"column":7}},{"start":{},"end":{}}],"line":112},"6":{"loc":{"start":{"line":129,"column":32},"end":{"line":129,"column":62}},"type":"binary-expr","locations":[{"start":{"line":129,"column":32},"end":{"line":129,"column":49}},{"start":{"line":129,"column":53},"end":{"line":129,"column":62}}],"line":129},"7":{"loc":{"start":{"line":132,"column":39},"end":{"line":132,"column":69}},"type":"binary-expr","locations":[{"start":{"line":132,"column":39},"end":{"line":132,"column":56}},{"start":{"line":132,"column":60},"end":{"line":132,"column":69}}],"line":132},"8":{"loc":{"start":{"line":145,"column":25},"end":{"line":156,"column":12}},"type":"cond-expr","locations":[{"start":{"line":146,"column":10},"end":{"line":155,"column":13}},{"start":{"line":156,"column":10},"end":{"line":156,"column":12}}],"line":145},"9":{"loc":{"start":{"line":146,"column":10},"end":{"line":155,"column":13}},"type":"cond-expr","locations":[{"start":{"line":147,"column":12},"end":{"line":152,"column":13}},{"start":{"line":153,"column":12},"end":{"line":155,"column":13}}],"line":146},"10":{"loc":{"start":{"line":161,"column":30},"end":{"line":161,"column":96}},"type":"cond-expr","locations":[{"start":{"line":161,"column":50},"end":{"line":161,"column":67}},{"start":{"line":161,"column":70},"end":{"line":161,"column":96}}],"line":161},"11":{"loc":{"start":{"line":171,"column":36},"end":{"line":171,"column":95}},"type":"binary-expr","locations":[{"start":{"line":171,"column":36},"end":{"line":171,"column":49}},{"start":{"line":171,"column":53},"end":{"line":171,"column":95}}],"line":171},"12":{"loc":{"start":{"line":174,"column":6},"end":{"line":190,"column":7}},"type":"if","locations":[{"start":{"line":174,"column":6},"end":{"line":190,"column":7}},{"start":{"line":180,"column":13},"end":{"line":190,"column":7}}],"line":174},"13":{"loc":{"start":{"line":180,"column":13},"end":{"line":190,"column":7}},"type":"if","locations":[{"start":{"line":180,"column":13},"end":{"line":190,"column":7}},{"start":{"line":186,"column":13},"end":{"line":190,"column":7}}],"line":180},"14":{"loc":{"start":{"line":195,"column":14},"end":{"line":195,"column":90}},"type":"cond-expr","locations":[{"start":{"line":195,"column":58},"end":{"line":195,"column":78}},{"start":{"line":195,"column":81},"end":{"line":195,"column":90}}],"line":195},"15":{"loc":{"start":{"line":195,"column":14},"end":{"line":195,"column":55}},"type":"binary-expr","locations":[{"start":{"line":195,"column":14},"end":{"line":195,"column":43}},{"start":{"line":195,"column":47},"end":{"line":195,"column":55}}],"line":195},"16":{"loc":{"start":{"line":252,"column":12},"end":{"line":268,"column":13}},"type":"if","locations":[{"start":{"line":252,"column":12},"end":{"line":268,"column":13}},{"start":{"line":261,"column":19},"end":{"line":268,"column":13}}],"line":252},"17":{"loc":{"start":{"line":260,"column":16},"end":{"line":260,"column":85}},"type":"binary-expr","locations":[{"start":{"line":260,"column":16},"end":{"line":260,"column":80}},{"start":{"line":260,"column":84},"end":{"line":260,"column":85}}],"line":260},"18":{"loc":{"start":{"line":260,"column":35},"end":{"line":260,"column":63}},"type":"binary-expr","locations":[{"start":{"line":260,"column":35},"end":{"line":260,"column":55}},{"start":{"line":260,"column":59},"end":{"line":260,"column":63}}],"line":260},"19":{"loc":{"start":{"line":261,"column":19},"end":{"line":268,"column":13}},"type":"if","locations":[{"start":{"line":261,"column":19},"end":{"line":268,"column":13}},{"start":{},"end":{}}],"line":261},"20":{"loc":{"start":{"line":263,"column":16},"end":{"line":267,"column":22}},"type":"binary-expr","locations":[{"start":{"line":263,"column":16},"end":{"line":267,"column":17}},{"start":{"line":267,"column":21},"end":{"line":267,"column":22}}],"line":263},"21":{"loc":{"start":{"line":361,"column":6},"end":{"line":366,"column":7}},"type":"if","locations":[{"start":{"line":361,"column":6},"end":{"line":366,"column":7}},{"start":{},"end":{}}],"line":361},"22":{"loc":{"start":{"line":400,"column":6},"end":{"line":405,"column":11}},"type":"if","locations":[{"start":{"line":400,"column":6},"end":{"line":405,"column":11}},{"start":{},"end":{}}],"line":400},"23":{"loc":{"start":{"line":407,"column":6},"end":{"line":411,"column":11}},"type":"if","locations":[{"start":{"line":407,"column":6},"end":{"line":411,"column":11}},{"start":{},"end":{}}],"line":407},"24":{"loc":{"start":{"line":407,"column":10},"end":{"line":407,"column":80}},"type":"binary-expr","locations":[{"start":{"line":407,"column":10},"end":{"line":407,"column":44}},{"start":{"line":407,"column":48},"end":{"line":407,"column":80}}],"line":407},"25":{"loc":{"start":{"line":415,"column":6},"end":{"line":426,"column":7}},"type":"if","locations":[{"start":{"line":415,"column":6},"end":{"line":426,"column":7}},{"start":{},"end":{}}],"line":415},"26":{"loc":{"start":{"line":421,"column":8},"end":{"line":425,"column":13}},"type":"if","locations":[{"start":{"line":421,"column":8},"end":{"line":425,"column":13}},{"start":{},"end":{}}],"line":421}},"s":{"0":9,"1":4,"2":4,"3":2,"4":2,"5":1,"6":1,"7":1,"8":0,"9":0,"10":0,"11":1,"12":1,"13":10,"14":10,"15":10,"16":3,"17":3,"18":3,"19":1,"20":1,"21":10,"22":10,"23":10,"24":10,"25":0,"26":10,"27":0,"28":10,"29":10,"30":10,"31":10,"32":9,"33":9,"34":10,"35":9,"36":9,"37":1,"38":1,"39":8,"40":8,"41":9,"42":9,"43":10,"44":3,"45":2,"46":2,"47":2,"48":4,"49":1,"50":0,"51":2,"52":2,"53":2,"54":1,"55":1,"56":0,"57":1,"58":1,"59":0,"60":0,"61":0,"62":1},"f":{"0":4,"1":10,"2":1,"3":1,"4":9,"5":9,"6":3,"7":4,"8":2},"b":{"0":[2,2],"1":[1,1],"2":[2,1],"3":[0,1],"4":[0,0],"5":[3,7],"6":[3,0],"7":[3,0],"8":[1,9],"9":[1,0],"10":[9,1],"11":[10,9],"12":[0,10],"13":[0,10],"14":[1,9],"15":[10,1],"16":[1,8],"17":[1,0],"18":[1,1],"19":[8,0],"20":[8,8],"21":[0,1],"22":[1,1],"23":[0,1],"24":[1,0],"25":[0,1],"26":[0,0]},"_coverageSchema":"1a1c01bbd47fc00a2c39e90264f33305004495a9","hash":"aee85e94c8236f40a8843f102406981a247edfcb"}
,"/Users/felipeborras/Desktop/cacta-platform/apps/nextjs/src/server/api/routers/invitations.ts": {"path":"/Users/felipeborras/Desktop/cacta-platform/apps/nextjs/src/server/api/routers/invitations.ts","statementMap":{"0":{"start":{"line":16,"column":33},"end":{"line":211,"column":2}},"1":{"start":{"line":18,"column":23},"end":{"line":23,"column":6}},"2":{"start":{"line":25,"column":31},"end":{"line":28,"column":6}},"3":{"start":{"line":30,"column":27},"end":{"line":30,"column":60}},"4":{"start":{"line":31,"column":25},"end":{"line":31,"column":80}},"5":{"start":{"line":31,"column":64},"end":{"line":31,"column":79}},"6":{"start":{"line":33,"column":21},"end":{"line":36,"column":5}},"7":{"start":{"line":34,"column":39},"end":{"line":34,"column":72}},"8":{"start":{"line":35,"column":37},"end":{"line":35,"column":69}},"9":{"start":{"line":38,"column":4},"end":{"line":38,"column":20}},"10":{"start":{"line":48,"column":29},"end":{"line":54,"column":8}},"11":{"start":{"line":56,"column":6},"end":{"line":61,"column":7}},"12":{"start":{"line":57,"column":8},"end":{"line":60,"column":11}},"13":{"start":{"line":63,"column":6},"end":{"line":66,"column":9}},"14":{"start":{"line":76,"column":19},"end":{"line":79,"column":8}},"15":{"start":{"line":82,"column":6},"end":{"line":116,"column":7}},"16":{"start":{"line":83,"column":25},"end":{"line":83,"column":35}},"17":{"start":{"line":84,"column":31},"end":{"line":84,"column":64}},"18":{"start":{"line":86,"column":21},"end":{"line":86,"column":52}},"19":{"start":{"line":88,"column":24},"end":{"line":94,"column":10}},"20":{"start":{"line":92,"column":56},"end":{"line":92,"column":70}},"21":{"start":{"line":96,"column":27},"end":{"line":101,"column":10}},"22":{"start":{"line":103,"column":22},"end":{"line":103,"column":83}},"23":{"start":{"line":105,"column":8},"end":{"line":115,"column":11}},"24":{"start":{"line":120,"column":30},"end":{"line":124,"column":8}},"25":{"start":{"line":127,"column":6},"end":{"line":134,"column":7}},"26":{"start":{"line":128,"column":8},"end":{"line":133,"column":9}},"27":{"start":{"line":128,"column":49},"end":{"line":128,"column":90}},"28":{"start":{"line":129,"column":10},"end":{"line":132,"column":13}},"29":{"start":{"line":137,"column":6},"end":{"line":149,"column":7}},"30":{"start":{"line":138,"column":8},"end":{"line":148,"column":9}},"31":{"start":{"line":139,"column":10},"end":{"line":142,"column":13}},"32":{"start":{"line":144,"column":10},"end":{"line":147,"column":13}},"33":{"start":{"line":152,"column":25},"end":{"line":157,"column":8}},"34":{"start":{"line":159,"column":24},"end":{"line":159,"column":55}},"35":{"start":{"line":160,"column":20},"end":{"line":160,"column":59}},"36":{"start":{"line":162,"column":6},"end":{"line":172,"column":9}},"37":{"start":{"line":182,"column":25},"end":{"line":186,"column":8}},"38":{"start":{"line":188,"column":6},"end":{"line":197,"column":7}},"39":{"start":{"line":193,"column":8},"end":{"line":196,"column":11}},"40":{"start":{"line":199,"column":6},"end":{"line":202,"column":9}},"41":{"start":{"line":204,"column":6},"end":{"line":209,"column":9}}},"fnMap":{"0":{"name":"(anonymous_0)","decl":{"start":{"line":17,"column":37},"end":{"line":17,"column":38}},"loc":{"start":{"line":17,"column":56},"end":{"line":39,"column":3}},"line":17},"1":{"name":"(anonymous_1)","decl":{"start":{"line":31,"column":48},"end":{"line":31,"column":49}},"loc":{"start":{"line":31,"column":64},"end":{"line":31,"column":79}},"line":31},"2":{"name":"(anonymous_2)","decl":{"start":{"line":34,"column":28},"end":{"line":34,"column":29}},"loc":{"start":{"line":34,"column":39},"end":{"line":34,"column":72}},"line":34},"3":{"name":"(anonymous_3)","decl":{"start":{"line":35,"column":26},"end":{"line":35,"column":27}},"loc":{"start":{"line":35,"column":37},"end":{"line":35,"column":69}},"line":35},"4":{"name":"(anonymous_4)","decl":{"start":{"line":47,"column":14},"end":{"line":47,"column":15}},"loc":{"start":{"line":47,"column":40},"end":{"line":67,"column":5}},"line":47},"5":{"name":"(anonymous_5)","decl":{"start":{"line":75,"column":14},"end":{"line":75,"column":15}},"loc":{"start":{"line":75,"column":40},"end":{"line":173,"column":5}},"line":75},"6":{"name":"(anonymous_6)","decl":{"start":{"line":92,"column":46},"end":{"line":92,"column":47}},"loc":{"start":{"line":92,"column":56},"end":{"line":92,"column":70}},"line":92},"7":{"name":"(anonymous_7)","decl":{"start":{"line":128,"column":33},"end":{"line":128,"column":34}},"loc":{"start":{"line":128,"column":49},"end":{"line":128,"column":90}},"line":128},"8":{"name":"(anonymous_8)","decl":{"start":{"line":181,"column":14},"end":{"line":181,"column":15}},"loc":{"start":{"line":181,"column":40},"end":{"line":210,"column":5}},"line":181}},"branchMap":{"0":{"loc":{"start":{"line":56,"column":6},"end":{"line":61,"column":7}},"type":"if","locations":[{"start":{"line":56,"column":6},"end":{"line":61,"column":7}},{"start":{},"end":{}}],"line":56},"1":{"loc":{"start":{"line":82,"column":6},"end":{"line":116,"column":7}},"type":"if","locations":[{"start":{"line":82,"column":6},"end":{"line":116,"column":7}},{"start":{},"end":{}}],"line":82},"2":{"loc":{"start":{"line":112,"column":22},"end":{"line":112,"column":74}},"type":"binary-expr","locations":[{"start":{"line":112,"column":22},"end":{"line":112,"column":48}},{"start":{"line":112,"column":52},"end":{"line":112,"column":74}}],"line":112},"3":{"loc":{"start":{"line":127,"column":6},"end":{"line":134,"column":7}},"type":"if","locations":[{"start":{"line":127,"column":6},"end":{"line":134,"column":7}},{"start":{},"end":{}}],"line":127},"4":{"loc":{"start":{"line":128,"column":8},"end":{"line":133,"column":9}},"type":"if","locations":[{"start":{"line":128,"column":8},"end":{"line":133,"column":9}},{"start":{},"end":{}}],"line":128},"5":{"loc":{"start":{"line":137,"column":6},"end":{"line":149,"column":7}},"type":"if","locations":[{"start":{"line":137,"column":6},"end":{"line":149,"column":7}},{"start":{},"end":{}}],"line":137},"6":{"loc":{"start":{"line":138,"column":8},"end":{"line":148,"column":9}},"type":"if","locations":[{"start":{"line":138,"column":8},"end":{"line":148,"column":9}},{"start":{"line":143,"column":15},"end":{"line":148,"column":9}}],"line":138},"7":{"loc":{"start":{"line":168,"column":20},"end":{"line":168,"column":72}},"type":"binary-expr","locations":[{"start":{"line":168,"column":20},"end":{"line":168,"column":46}},{"start":{"line":168,"column":50},"end":{"line":168,"column":72}}],"line":168},"8":{"loc":{"start":{"line":169,"column":27},"end":{"line":169,"column":55}},"type":"binary-expr","locations":[{"start":{"line":169,"column":27},"end":{"line":169,"column":41}},{"start":{"line":169,"column":45},"end":{"line":169,"column":55}}],"line":169},"9":{"loc":{"start":{"line":188,"column":6},"end":{"line":197,"column":7}},"type":"if","locations":[{"start":{"line":188,"column":6},"end":{"line":197,"column":7}},{"start":{},"end":{}}],"line":188},"10":{"loc":{"start":{"line":189,"column":8},"end":{"line":191,"column":51}},"type":"binary-expr","locations":[{"start":{"line":189,"column":8},"end":{"line":189,"column":19}},{"start":{"line":190,"column":8},"end":{"line":190,"column":50}},{"start":{"line":191,"column":8},"end":{"line":191,"column":51}}],"line":189}},"s":{"0":9,"1":1,"2":1,"3":1,"4":1,"5":5,"6":1,"7":6,"8":5,"9":1,"10":1,"11":1,"12":1,"13":1,"14":5,"15":5,"16":1,"17":1,"18":1,"19":1,"20":1,"21":1,"22":1,"23":1,"24":4,"25":4,"26":3,"27":3,"28":1,"29":3,"30":2,"31":1,"32":1,"33":1,"34":1,"35":1,"36":1,"37":2,"38":2,"39":1,"40":1,"41":1},"f":{"0":1,"1":5,"2":6,"3":5,"4":1,"5":5,"6":1,"7":3,"8":2},"b":{"0":[1,0],"1":[1,4],"2":[1,0],"3":[3,1],"4":[1,2],"5":[2,1],"6":[1,1],"7":[1,0],"8":[1,0],"9":[1,1],"10":[2,1,1]},"_coverageSchema":"1a1c01bbd47fc00a2c39e90264f33305004495a9","hash":"cd401703932fc4d6a086fbc522b6fc89f9dbf60d"}
,"/Users/felipeborras/Desktop/cacta-platform/apps/nextjs/src/server/api/routers/monitor.ts": {"path":"/Users/felipeborras/Desktop/cacta-platform/apps/nextjs/src/server/api/routers/monitor.ts","statementMap":{"0":{"start":{"line":5,"column":29},"end":{"line":84,"column":2}},"1":{"start":{"line":18,"column":28},"end":{"line":26,"column":8}},"2":{"start":{"line":28,"column":26},"end":{"line":42,"column":8}},"3":{"start":{"line":44,"column":6},"end":{"line":44,"column":44}},"4":{"start":{"line":59,"column":37},"end":{"line":80,"column":8}},"5":{"start":{"line":82,"column":6},"end":{"line":82,"column":36}}},"fnMap":{"0":{"name":"(anonymous_0)","decl":{"start":{"line":17,"column":11},"end":{"line":17,"column":12}},"loc":{"start":{"line":17,"column":37},"end":{"line":45,"column":5}},"line":17},"1":{"name":"(anonymous_1)","decl":{"start":{"line":58,"column":11},"end":{"line":58,"column":12}},"loc":{"start":{"line":58,"column":51},"end":{"line":83,"column":5}},"line":58}},"branchMap":{},"s":{"0":9,"1":1,"2":1,"3":1,"4":1,"5":1},"f":{"0":1,"1":1},"b":{},"_coverageSchema":"1a1c01bbd47fc00a2c39e90264f33305004495a9","hash":"dfa621e4d121b04e3a42a038ea3c638c0564d5e3"}
,"/Users/felipeborras/Desktop/cacta-platform/apps/nextjs/src/server/api/routers/report.ts": {"path":"/Users/felipeborras/Desktop/cacta-platform/apps/nextjs/src/server/api/routers/report.ts","statementMap":{"0":{"start":{"line":31,"column":28},"end":{"line":413,"column":2}},"1":{"start":{"line":33,"column":34},"end":{"line":38,"column":6}},"2":{"start":{"line":40,"column":4},"end":{"line":40,"column":75}},"3":{"start":{"line":40,"column":32},"end":{"line":40,"column":75}},"4":{"start":{"line":42,"column":37},"end":{"line":81,"column":5}},"5":{"start":{"line":44,"column":25},"end":{"line":59,"column":10}},"6":{"start":{"line":61,"column":30},"end":{"line":71,"column":10}},"7":{"start":{"line":73,"column":8},"end":{"line":79,"column":10}},"8":{"start":{"line":83,"column":4},"end":{"line":83,"column":36}},"9":{"start":{"line":94,"column":36},"end":{"line":100,"column":8}},"10":{"start":{"line":103,"column":8},"end":{"line":105,"column":13}},"11":{"start":{"line":104,"column":36},"end":{"line":104,"column":92}},"12":{"start":{"line":107,"column":33},"end":{"line":107,"column":83}},"13":{"start":{"line":109,"column":37},"end":{"line":118,"column":8}},"14":{"start":{"line":120,"column":37},"end":{"line":130,"column":12}},"15":{"start":{"line":132,"column":43},"end":{"line":137,"column":7}},"16":{"start":{"line":139,"column":27},"end":{"line":152,"column":9}},"17":{"start":{"line":139,"column":60},"end":{"line":152,"column":7}},"18":{"start":{"line":142,"column":32},"end":{"line":142,"column":66}},"19":{"start":{"line":143,"column":30},"end":{"line":151,"column":11}},"20":{"start":{"line":149,"column":24},"end":{"line":149,"column":53}},"21":{"start":{"line":154,"column":28},"end":{"line":159,"column":8}},"22":{"start":{"line":161,"column":6},"end":{"line":161,"column":45}},"23":{"start":{"line":174,"column":23},"end":{"line":174,"column":37}},"24":{"start":{"line":176,"column":49},"end":{"line":181,"column":14}},"25":{"start":{"line":183,"column":26},"end":{"line":183,"column":88}},"26":{"start":{"line":183,"column":76},"end":{"line":183,"column":78}},"27":{"start":{"line":185,"column":26},"end":{"line":200,"column":36}},"28":{"start":{"line":200,"column":25},"end":{"line":200,"column":35}},"29":{"start":{"line":202,"column":36},"end":{"line":209,"column":7}},"30":{"start":{"line":211,"column":36},"end":{"line":213,"column":8}},"31":{"start":{"line":215,"column":31},"end":{"line":244,"column":8}},"32":{"start":{"line":246,"column":43},"end":{"line":282,"column":7}},"33":{"start":{"line":248,"column":32},"end":{"line":253,"column":11}},"34":{"start":{"line":250,"column":14},"end":{"line":252,"column":77}},"35":{"start":{"line":255,"column":10},"end":{"line":277,"column":11}},"36":{"start":{"line":256,"column":12},"end":{"line":262,"column":15}},"37":{"start":{"line":264,"column":12},"end":{"line":269,"column":14}},"38":{"start":{"line":271,"column":12},"end":{"line":276,"column":14}},"39":{"start":{"line":279,"column":10},"end":{"line":279,"column":21}},"40":{"start":{"line":284,"column":6},"end":{"line":287,"column":8}},"41":{"start":{"line":298,"column":31},"end":{"line":317,"column":8}},"42":{"start":{"line":319,"column":35},"end":{"line":322,"column":7}},"43":{"start":{"line":320,"column":39},"end":{"line":320,"column":66}},"44":{"start":{"line":325,"column":32},"end":{"line":360,"column":30}},"45":{"start":{"line":326,"column":8},"end":{"line":357,"column":11}},"46":{"start":{"line":327,"column":68},"end":{"line":327,"column":82}},"47":{"start":{"line":329,"column":10},"end":{"line":343,"column":11}},"48":{"start":{"line":330,"column":12},"end":{"line":342,"column":14}},"49":{"start":{"line":345,"column":10},"end":{"line":356,"column":13}},"50":{"start":{"line":346,"column":12},"end":{"line":355,"column":15}},"51":{"start":{"line":347,"column":26},"end":{"line":347,"column":36}},"52":{"start":{"line":348,"column":14},"end":{"line":354,"column":15}},"53":{"start":{"line":349,"column":16},"end":{"line":349,"column":54}},"54":{"start":{"line":350,"column":16},"end":{"line":350,"column":46}},"55":{"start":{"line":351,"column":16},"end":{"line":351,"column":66}},"56":{"start":{"line":352,"column":16},"end":{"line":352,"column":58}},"57":{"start":{"line":353,"column":16},"end":{"line":353,"column":58}},"58":{"start":{"line":359,"column":8},"end":{"line":359,"column":19}},"59":{"start":{"line":368,"column":39},"end":{"line":381,"column":7}},"60":{"start":{"line":370,"column":35},"end":{"line":370,"column":88}},"61":{"start":{"line":370,"column":53},"end":{"line":370,"column":87}},"62":{"start":{"line":372,"column":10},"end":{"line":376,"column":11}},"63":{"start":{"line":373,"column":12},"end":{"line":373,"column":45}},"64":{"start":{"line":375,"column":12},"end":{"line":375,"column":68}},"65":{"start":{"line":378,"column":10},"end":{"line":378,"column":21}},"66":{"start":{"line":383,"column":28},"end":{"line":388,"column":7}},"67":{"start":{"line":390,"column":6},"end":{"line":392,"column":8}},"68":{"start":{"line":391,"column":18},"end":{"line":391,"column":95}},"69":{"start":{"line":395,"column":37},"end":{"line":409,"column":9}},"70":{"start":{"line":395,"column":81},"end":{"line":409,"column":7}},"71":{"start":{"line":397,"column":42},"end":{"line":408,"column":9}},"72":{"start":{"line":411,"column":6},"end":{"line":411,"column":36}}},"fnMap":{"0":{"name":"(anonymous_0)","decl":{"start":{"line":32,"column":53},"end":{"line":32,"column":54}},"loc":{"start":{"line":32,"column":72},"end":{"line":84,"column":3}},"line":32},"1":{"name":"(anonymous_1)","decl":{"start":{"line":43,"column":32},"end":{"line":43,"column":33}},"loc":{"start":{"line":43,"column":64},"end":{"line":80,"column":7}},"line":43},"2":{"name":"(anonymous_2)","decl":{"start":{"line":93,"column":11},"end":{"line":93,"column":12}},"loc":{"start":{"line":93,"column":37},"end":{"line":162,"column":5}},"line":93},"3":{"name":"(anonymous_3)","decl":{"start":{"line":104,"column":10},"end":{"line":104,"column":11}},"loc":{"start":{"line":104,"column":36},"end":{"line":104,"column":92}},"line":104},"4":{"name":"(anonymous_4)","decl":{"start":{"line":139,"column":45},"end":{"line":139,"column":46}},"loc":{"start":{"line":139,"column":60},"end":{"line":152,"column":7}},"line":139},"5":{"name":"(anonymous_5)","decl":{"start":{"line":142,"column":18},"end":{"line":142,"column":19}},"loc":{"start":{"line":142,"column":32},"end":{"line":142,"column":66}},"line":142},"6":{"name":"(anonymous_6)","decl":{"start":{"line":143,"column":15},"end":{"line":143,"column":16}},"loc":{"start":{"line":143,"column":30},"end":{"line":151,"column":11}},"line":143},"7":{"name":"(anonymous_7)","decl":{"start":{"line":149,"column":14},"end":{"line":149,"column":15}},"loc":{"start":{"line":149,"column":24},"end":{"line":149,"column":53}},"line":149},"8":{"name":"(anonymous_8)","decl":{"start":{"line":173,"column":11},"end":{"line":173,"column":12}},"loc":{"start":{"line":173,"column":83},"end":{"line":288,"column":5}},"line":173},"9":{"name":"(anonymous_9)","decl":{"start":{"line":183,"column":64},"end":{"line":183,"column":65}},"loc":{"start":{"line":183,"column":76},"end":{"line":183,"column":78}},"line":183},"10":{"name":"(anonymous_10)","decl":{"start":{"line":200,"column":12},"end":{"line":200,"column":13}},"loc":{"start":{"line":200,"column":25},"end":{"line":200,"column":35}},"line":200},"11":{"name":"(anonymous_11)","decl":{"start":{"line":247,"column":8},"end":{"line":247,"column":9}},"loc":{"start":{"line":247,"column":65},"end":{"line":280,"column":9}},"line":247},"12":{"name":"(anonymous_12)","decl":{"start":{"line":249,"column":12},"end":{"line":249,"column":13}},"loc":{"start":{"line":250,"column":14},"end":{"line":252,"column":77}},"line":250},"13":{"name":"(anonymous_13)","decl":{"start":{"line":297,"column":11},"end":{"line":297,"column":12}},"loc":{"start":{"line":297,"column":76},"end":{"line":412,"column":5}},"line":297},"14":{"name":"(anonymous_14)","decl":{"start":{"line":320,"column":8},"end":{"line":320,"column":9}},"loc":{"start":{"line":320,"column":39},"end":{"line":320,"column":66}},"line":320},"15":{"name":"(anonymous_15)","decl":{"start":{"line":325,"column":56},"end":{"line":325,"column":57}},"loc":{"start":{"line":325,"column":82},"end":{"line":360,"column":7}},"line":325},"16":{"name":"(anonymous_16)","decl":{"start":{"line":326,"column":44},"end":{"line":326,"column":45}},"loc":{"start":{"line":326,"column":60},"end":{"line":357,"column":9}},"line":326},"17":{"name":"(anonymous_17)","decl":{"start":{"line":345,"column":49},"end":{"line":345,"column":50}},"loc":{"start":{"line":345,"column":73},"end":{"line":356,"column":11}},"line":345},"18":{"name":"(anonymous_18)","decl":{"start":{"line":346,"column":35},"end":{"line":346,"column":36}},"loc":{"start":{"line":346,"column":46},"end":{"line":355,"column":13}},"line":346},"19":{"name":"(anonymous_19)","decl":{"start":{"line":369,"column":8},"end":{"line":369,"column":9}},"loc":{"start":{"line":369,"column":43},"end":{"line":379,"column":9}},"line":369},"20":{"name":"(anonymous_20)","decl":{"start":{"line":370,"column":44},"end":{"line":370,"column":45}},"loc":{"start":{"line":370,"column":53},"end":{"line":370,"column":87}},"line":370},"21":{"name":"(anonymous_21)","decl":{"start":{"line":391,"column":8},"end":{"line":391,"column":9}},"loc":{"start":{"line":391,"column":18},"end":{"line":391,"column":95}},"line":391},"22":{"name":"(anonymous_22)","decl":{"start":{"line":395,"column":66},"end":{"line":395,"column":67}},"loc":{"start":{"line":395,"column":81},"end":{"line":409,"column":7}},"line":395},"23":{"name":"(anonymous_23)","decl":{"start":{"line":397,"column":32},"end":{"line":397,"column":33}},"loc":{"start":{"line":397,"column":42},"end":{"line":408,"column":9}},"line":397}},"branchMap":{"0":{"loc":{"start":{"line":40,"column":4},"end":{"line":40,"column":75}},"type":"if","locations":[{"start":{"line":40,"column":4},"end":{"line":40,"column":75}},{"start":{},"end":{}}],"line":40},"1":{"loc":{"start":{"line":113,"column":23},"end":{"line":113,"column":46}},"type":"binary-expr","locations":[{"start":{"line":113,"column":23},"end":{"line":113,"column":38}},{"start":{"line":113,"column":42},"end":{"line":113,"column":46}}],"line":113},"2":{"loc":{"start":{"line":120,"column":37},"end":{"line":130,"column":12}},"type":"cond-expr","locations":[{"start":{"line":121,"column":10},"end":{"line":129,"column":12}},{"start":{"line":130,"column":10},"end":{"line":130,"column":12}}],"line":120},"3":{"loc":{"start":{"line":125,"column":27},"end":{"line":125,"column":50}},"type":"binary-expr","locations":[{"start":{"line":125,"column":27},"end":{"line":125,"column":42}},{"start":{"line":125,"column":46},"end":{"line":125,"column":50}}],"line":125},"4":{"loc":{"start":{"line":157,"column":21},"end":{"line":157,"column":44}},"type":"binary-expr","locations":[{"start":{"line":157,"column":21},"end":{"line":157,"column":36}},{"start":{"line":157,"column":40},"end":{"line":157,"column":44}}],"line":157},"5":{"loc":{"start":{"line":174,"column":23},"end":{"line":174,"column":37}},"type":"binary-expr","locations":[{"start":{"line":174,"column":23},"end":{"line":174,"column":29}},{"start":{"line":174,"column":33},"end":{"line":174,"column":37}}],"line":174},"6":{"loc":{"start":{"line":176,"column":49},"end":{"line":181,"column":14}},"type":"cond-expr","locations":[{"start":{"line":177,"column":10},"end":{"line":180,"column":85}},{"start":{"line":181,"column":10},"end":{"line":181,"column":14}}],"line":176},"7":{"loc":{"start":{"line":183,"column":26},"end":{"line":183,"column":88}},"type":"cond-expr","locations":[{"start":{"line":183,"column":38},"end":{"line":183,"column":83}},{"start":{"line":183,"column":86},"end":{"line":183,"column":88}}],"line":183},"8":{"loc":{"start":{"line":242,"column":14},"end":{"line":242,"column":90}},"type":"cond-expr","locations":[{"start":{"line":242,"column":58},"end":{"line":242,"column":78}},{"start":{"line":242,"column":81},"end":{"line":242,"column":90}}],"line":242},"9":{"loc":{"start":{"line":242,"column":14},"end":{"line":242,"column":55}},"type":"binary-expr","locations":[{"start":{"line":242,"column":14},"end":{"line":242,"column":43}},{"start":{"line":242,"column":47},"end":{"line":242,"column":55}}],"line":242},"10":{"loc":{"start":{"line":250,"column":14},"end":{"line":252,"column":77}},"type":"binary-expr","locations":[{"start":{"line":250,"column":14},"end":{"line":250,"column":61}},{"start":{"line":251,"column":14},"end":{"line":252,"column":77}}],"line":250},"11":{"loc":{"start":{"line":255,"column":10},"end":{"line":277,"column":11}},"type":"if","locations":[{"start":{"line":255,"column":10},"end":{"line":277,"column":11}},{"start":{"line":263,"column":17},"end":{"line":277,"column":11}}],"line":255},"12":{"loc":{"start":{"line":273,"column":25},"end":{"line":273,"column":52}},"type":"binary-expr","locations":[{"start":{"line":273,"column":25},"end":{"line":273,"column":46}},{"start":{"line":273,"column":50},"end":{"line":273,"column":52}}],"line":273},"13":{"loc":{"start":{"line":274,"column":25},"end":{"line":274,"column":54}},"type":"binary-expr","locations":[{"start":{"line":274,"column":25},"end":{"line":274,"column":48}},{"start":{"line":274,"column":52},"end":{"line":274,"column":54}}],"line":274},"14":{"loc":{"start":{"line":320,"column":46},"end":{"line":320,"column":66}},"type":"binary-expr","locations":[{"start":{"line":320,"column":46},"end":{"line":320,"column":61}},{"start":{"line":320,"column":65},"end":{"line":320,"column":66}}],"line":320},"15":{"loc":{"start":{"line":329,"column":10},"end":{"line":343,"column":11}},"type":"if","locations":[{"start":{"line":329,"column":10},"end":{"line":343,"column":11}},{"start":{},"end":{}}],"line":329},"16":{"loc":{"start":{"line":348,"column":14},"end":{"line":354,"column":15}},"type":"if","locations":[{"start":{"line":348,"column":14},"end":{"line":354,"column":15}},{"start":{},"end":{}}],"line":348},"17":{"loc":{"start":{"line":372,"column":10},"end":{"line":376,"column":11}},"type":"if","locations":[{"start":{"line":372,"column":10},"end":{"line":376,"column":11}},{"start":{"line":374,"column":17},"end":{"line":376,"column":11}}],"line":372}},"s":{"0":9,"1":1,"2":1,"3":0,"4":1,"5":2,"6":2,"7":2,"8":1,"9":2,"10":2,"11":2,"12":2,"13":2,"14":2,"15":2,"16":2,"17":8,"18":8,"19":2,"20":1,"21":2,"22":2,"23":2,"24":2,"25":2,"26":1,"27":2,"28":1,"29":2,"30":2,"31":2,"32":2,"33":1,"34":0,"35":1,"36":1,"37":0,"38":0,"39":1,"40":2,"41":1,"42":1,"43":1,"44":1,"45":1,"46":1,"47":1,"48":1,"49":1,"50":1,"51":1,"52":1,"53":1,"54":1,"55":1,"56":1,"57":1,"58":1,"59":1,"60":1,"61":0,"62":1,"63":0,"64":1,"65":1,"66":1,"67":1,"68":0,"69":1,"70":1,"71":1,"72":1},"f":{"0":1,"1":2,"2":2,"3":2,"4":8,"5":8,"6":2,"7":1,"8":2,"9":1,"10":1,"11":1,"12":0,"13":1,"14":1,"15":1,"16":1,"17":1,"18":1,"19":1,"20":0,"21":0,"22":1,"23":1},"b":{"0":[0,1],"1":[2,2],"2":[1,1],"3":[1,1],"4":[2,2],"5":[2,0],"6":[2,0],"7":[2,0],"8":[2,0],"9":[2,2],"10":[0,0],"11":[1,0],"12":[0,0],"13":[0,0],"14":[1,0],"15":[1,0],"16":[1,0],"17":[0,1]},"_coverageSchema":"1a1c01bbd47fc00a2c39e90264f33305004495a9","hash":"c2539713f3e7c8b0464ff99139f1d4f900525a49"}
,"/Users/felipeborras/Desktop/cacta-platform/apps/nextjs/src/server/api/routers/settings.ts": {"path":"/Users/felipeborras/Desktop/cacta-platform/apps/nextjs/src/server/api/routers/settings.ts","statementMap":{"0":{"start":{"line":9,"column":30},"end":{"line":127,"column":2}},"1":{"start":{"line":25,"column":21},"end":{"line":25,"column":40}},"2":{"start":{"line":27,"column":27},"end":{"line":27,"column":50}},"3":{"start":{"line":29,"column":23},"end":{"line":29,"column":85}},"4":{"start":{"line":31,"column":6},"end":{"line":33,"column":7}},"5":{"start":{"line":32,"column":8},"end":{"line":32,"column":70}},"6":{"start":{"line":35,"column":6},"end":{"line":37,"column":7}},"7":{"start":{"line":36,"column":8},"end":{"line":36,"column":72}},"8":{"start":{"line":39,"column":6},"end":{"line":49,"column":9}},"9":{"start":{"line":53,"column":19},"end":{"line":53,"column":38}},"10":{"start":{"line":55,"column":17},"end":{"line":58,"column":6}},"11":{"start":{"line":60,"column":4},"end":{"line":60,"column":58}},"12":{"start":{"line":60,"column":15},"end":{"line":60,"column":58}},"13":{"start":{"line":62,"column":17},"end":{"line":62,"column":48}},"14":{"start":{"line":64,"column":41},"end":{"line":69,"column":5}},"15":{"start":{"line":71,"column":24},"end":{"line":76,"column":31}},"16":{"start":{"line":76,"column":20},"end":{"line":76,"column":30}},"17":{"start":{"line":78,"column":27},"end":{"line":83,"column":7}},"18":{"start":{"line":78,"column":60},"end":{"line":83,"column":5}},"19":{"start":{"line":81,"column":25},"end":{"line":81,"column":50}},"20":{"start":{"line":82,"column":23},"end":{"line":82,"column":72}},"21":{"start":{"line":85,"column":4},"end":{"line":85,"column":59}},"22":{"start":{"line":95,"column":21},"end":{"line":95,"column":40}},"23":{"start":{"line":97,"column":6},"end":{"line":100,"column":9}},"24":{"start":{"line":110,"column":21},"end":{"line":110,"column":40}},"25":{"start":{"line":112,"column":6},"end":{"line":115,"column":9}},"26":{"start":{"line":119,"column":19},"end":{"line":119,"column":38}},"27":{"start":{"line":120,"column":17},"end":{"line":120,"column":48}},"28":{"start":{"line":122,"column":4},"end":{"line":125,"column":7}},"29":{"start":{"line":124,"column":58},"end":{"line":124,"column":72}}},"fnMap":{"0":{"name":"(anonymous_0)","decl":{"start":{"line":24,"column":14},"end":{"line":24,"column":15}},"loc":{"start":{"line":24,"column":84},"end":{"line":50,"column":5}},"line":24},"1":{"name":"(anonymous_1)","decl":{"start":{"line":52,"column":33},"end":{"line":52,"column":34}},"loc":{"start":{"line":52,"column":52},"end":{"line":86,"column":3}},"line":52},"2":{"name":"(anonymous_2)","decl":{"start":{"line":76,"column":10},"end":{"line":76,"column":11}},"loc":{"start":{"line":76,"column":20},"end":{"line":76,"column":30}},"line":76},"3":{"name":"(anonymous_3)","decl":{"start":{"line":78,"column":45},"end":{"line":78,"column":46}},"loc":{"start":{"line":78,"column":60},"end":{"line":83,"column":5}},"line":78},"4":{"name":"(anonymous_4)","decl":{"start":{"line":81,"column":16},"end":{"line":81,"column":17}},"loc":{"start":{"line":81,"column":25},"end":{"line":81,"column":50}},"line":81},"5":{"name":"(anonymous_5)","decl":{"start":{"line":82,"column":13},"end":{"line":82,"column":14}},"loc":{"start":{"line":82,"column":23},"end":{"line":82,"column":72}},"line":82},"6":{"name":"(anonymous_6)","decl":{"start":{"line":94,"column":14},"end":{"line":94,"column":15}},"loc":{"start":{"line":94,"column":40},"end":{"line":101,"column":5}},"line":94},"7":{"name":"(anonymous_7)","decl":{"start":{"line":109,"column":14},"end":{"line":109,"column":15}},"loc":{"start":{"line":109,"column":40},"end":{"line":116,"column":5}},"line":109},"8":{"name":"(anonymous_8)","decl":{"start":{"line":118,"column":37},"end":{"line":118,"column":38}},"loc":{"start":{"line":118,"column":56},"end":{"line":126,"column":3}},"line":118},"9":{"name":"(anonymous_9)","decl":{"start":{"line":124,"column":48},"end":{"line":124,"column":49}},"loc":{"start":{"line":124,"column":58},"end":{"line":124,"column":72}},"line":124}},"branchMap":{"0":{"loc":{"start":{"line":31,"column":6},"end":{"line":33,"column":7}},"type":"if","locations":[{"start":{"line":31,"column":6},"end":{"line":33,"column":7}},{"start":{},"end":{}}],"line":31},"1":{"loc":{"start":{"line":31,"column":10},"end":{"line":31,"column":40}},"type":"binary-expr","locations":[{"start":{"line":31,"column":10},"end":{"line":31,"column":27}},{"start":{"line":31,"column":31},"end":{"line":31,"column":40}}],"line":31},"2":{"loc":{"start":{"line":35,"column":6},"end":{"line":37,"column":7}},"type":"if","locations":[{"start":{"line":35,"column":6},"end":{"line":37,"column":7}},{"start":{},"end":{}}],"line":35},"3":{"loc":{"start":{"line":35,"column":10},"end":{"line":35,"column":81}},"type":"binary-expr","locations":[{"start":{"line":35,"column":10},"end":{"line":35,"column":44}},{"start":{"line":35,"column":49},"end":{"line":35,"column":58}},{"start":{"line":35,"column":62},"end":{"line":35,"column":80}}],"line":35},"4":{"loc":{"start":{"line":44,"column":29},"end":{"line":44,"column":51}},"type":"binary-expr","locations":[{"start":{"line":44,"column":29},"end":{"line":44,"column":43}},{"start":{"line":44,"column":47},"end":{"line":44,"column":51}}],"line":44},"5":{"loc":{"start":{"line":60,"column":4},"end":{"line":60,"column":58}},"type":"if","locations":[{"start":{"line":60,"column":4},"end":{"line":60,"column":58}},{"start":{},"end":{}}],"line":60}},"s":{"0":9,"1":1,"2":1,"3":1,"4":1,"5":1,"6":1,"7":1,"8":1,"9":2,"10":2,"11":2,"12":1,"13":1,"14":1,"15":1,"16":2,"17":1,"18":4,"19":8,"20":2,"21":1,"22":1,"23":1,"24":1,"25":1,"26":1,"27":1,"28":1,"29":3},"f":{"0":1,"1":2,"2":2,"3":4,"4":8,"5":2,"6":1,"7":1,"8":1,"9":3},"b":{"0":[1,0],"1":[1,1],"2":[1,0],"3":[1,1,0],"4":[1,0],"5":[1,1]},"_coverageSchema":"1a1c01bbd47fc00a2c39e90264f33305004495a9","hash":"6d62817e9ad001c4a6a8835d8782a98918861b8c"}
}
