TN:
SF:src/server/api/routers/analyze.ts
FN:21,(anonymous_0)
FN:71,(anonymous_1)
FN:81,(anonymous_2)
FN:106,(anonymous_3)
FN:111,(anonymous_4)
FN:112,(anonymous_5)
FN:131,(anonymous_6)
FN:147,(anonymous_7)
FN:167,(anonymous_8)
FN:180,(anonymous_9)
FN:188,(anonymous_10)
FN:190,(anonymous_11)
FN:202,(anonymous_12)
FN:207,(anonymous_13)
FN:234,(anonymous_14)
FN:248,(anonymous_15)
FN:266,(anonymous_16)
FN:268,(anonymous_17)
FN:274,(anonymous_18)
FN:277,(anonymous_19)
FN:322,(anonymous_20)
FN:343,(anonymous_21)
FN:369,(anonymous_22)
FN:372,(anonymous_23)
FN:378,(anonymous_24)
FN:379,(anonymous_25)
FNF:26
FNH:26
FNDA:1,(anonymous_0)
FNDA:1,(anonymous_1)
FNDA:1,(anonymous_2)
FNDA:2,(anonymous_3)
FNDA:2,(anonymous_4)
FNDA:1,(anonymous_5)
FNDA:1,(anonymous_6)
FNDA:1,(anonymous_7)
FNDA:1,(anonymous_8)
FNDA:1,(anonymous_9)
FNDA:1,(anonymous_10)
FNDA:1,(anonymous_11)
FNDA:1,(anonymous_12)
FNDA:1,(anonymous_13)
FNDA:1,(anonymous_14)
FNDA:1,(anonymous_15)
FNDA:8,(anonymous_16)
FNDA:8,(anonymous_17)
FNDA:8,(anonymous_18)
FNDA:6,(anonymous_19)
FNDA:1,(anonymous_20)
FNDA:1,(anonymous_21)
FNDA:1,(anonymous_22)
FNDA:2,(anonymous_23)
FNDA:2,(anonymous_24)
FNDA:1,(anonymous_25)
DA:7,9
DA:14,9
DA:22,1
DA:41,1
DA:57,1
DA:72,1
DA:81,1
DA:84,1
DA:105,1
DA:106,2
DA:109,1
DA:111,1
DA:112,2
DA:116,1
DA:121,1
DA:131,1
DA:135,1
DA:147,1
DA:149,1
DA:168,1
DA:180,1
DA:182,1
DA:186,1
DA:188,1
DA:189,1
DA:191,1
DA:195,1
DA:201,1
DA:202,1
DA:206,1
DA:207,1
DA:211,1
DA:213,1
DA:224,1
DA:235,1
DA:248,1
DA:250,1
DA:264,1
DA:266,1
DA:267,8
DA:268,8
DA:273,1
DA:274,8
DA:277,6
DA:282,1
DA:284,1
DA:295,1
DA:299,1
DA:308,1
DA:321,1
DA:322,1
DA:326,1
DA:333,1
DA:344,1
DA:365,1
DA:369,1
DA:372,2
DA:376,1
DA:378,1
DA:379,2
DA:383,1
LF:61
LH:61
BRDA:112,0,0,2
BRDA:112,0,1,2
BRDA:131,1,0,1
BRDA:131,1,1,0
BRDA:191,2,0,1
BRDA:191,2,1,0
BRDA:202,3,0,1
BRDA:202,3,1,0
BRDA:207,4,0,0
BRDA:207,4,1,1
BRDA:268,5,0,8
BRDA:268,5,1,0
BRDA:274,6,0,8
BRDA:274,6,1,7
BRDA:379,7,0,2
BRDA:379,7,1,2
BRF:16
BRH:11
end_of_record
TN:
SF:src/server/api/routers/auth.ts
FN:13,(anonymous_0)
FN:34,(anonymous_1)
FNF:2
FNH:2
FNDA:1,(anonymous_0)
FNDA:3,(anonymous_1)
DA:8,9
DA:10,9
DA:14,1
DA:16,1
DA:18,1
DA:35,3
DA:36,3
DA:40,3
DA:41,1
DA:46,2
DA:48,2
DA:49,1
DA:55,1
DA:57,1
LF:14
LH:14
BRDA:40,0,0,1
BRDA:40,0,1,2
BRDA:48,1,0,1
BRDA:48,1,1,1
BRF:4
BRH:4
end_of_record
TN:
SF:src/server/api/routers/download.ts
FN:14,(anonymous_0)
FN:28,(anonymous_1)
FN:44,(anonymous_2)
FN:60,(anonymous_3)
FN:61,(anonymous_4)
FNF:5
FNH:1
FNDA:0,(anonymous_0)
FNDA:1,(anonymous_1)
FNDA:0,(anonymous_2)
FNDA:0,(anonymous_3)
FNDA:0,(anonymous_4)
DA:6,9
DA:15,0
DA:18,0
DA:19,0
DA:24,0
DA:29,1
DA:45,0
DA:47,0
DA:52,0
DA:56,0
DA:60,0
DA:61,0
DA:62,0
LF:13
LH:2
BRDA:52,0,0,0
BRDA:52,0,1,0
BRDA:56,1,0,0
BRDA:56,1,1,0
BRF:4
BRH:0
end_of_record
TN:
SF:src/server/api/routers/homePage.ts
FN:19,(anonymous_0)
FN:20,(anonymous_1)
FN:22,(anonymous_2)
FN:24,(anonymous_3)
FN:32,(anonymous_4)
FN:42,(anonymous_5)
FN:47,(anonymous_6)
FN:52,(anonymous_7)
FN:62,(anonymous_8)
FN:64,(anonymous_9)
FN:77,(anonymous_10)
FN:85,(anonymous_11)
FN:95,(anonymous_12)
FN:96,(anonymous_13)
FN:112,(anonymous_14)
FNF:15
FNH:15
FNDA:2,(anonymous_0)
FNDA:3,(anonymous_1)
FNDA:4,(anonymous_2)
FNDA:6,(anonymous_3)
FNDA:6,(anonymous_4)
FNDA:2,(anonymous_5)
FNDA:4,(anonymous_6)
FNDA:2,(anonymous_7)
FNDA:2,(anonymous_8)
FNDA:2,(anonymous_9)
FNDA:2,(anonymous_10)
FNDA:2,(anonymous_11)
FNDA:2,(anonymous_12)
FNDA:2,(anonymous_13)
FNDA:2,(anonymous_14)
DA:19,9
DA:20,3
DA:22,9
DA:23,4
DA:25,6
DA:31,4
DA:33,6
DA:39,4
DA:42,9
DA:47,4
DA:49,2
DA:50,2
DA:52,2
DA:53,2
DA:54,2
DA:56,2
DA:57,2
DA:58,2
DA:62,2
DA:63,2
DA:64,2
DA:67,2
DA:73,2
DA:76,9
DA:78,2
DA:83,2
DA:85,2
DA:86,1
DA:88,1
DA:95,2
DA:96,2
DA:98,1
DA:112,2
DA:122,1
LF:34
LH:34
BRDA:20,0,0,2
BRDA:20,0,1,0
BRDA:25,1,0,4
BRDA:25,1,1,2
BRDA:25,2,0,6
BRDA:25,2,1,4
BRDA:33,3,0,4
BRDA:33,3,1,2
BRDA:33,4,0,6
BRDA:33,4,1,4
BRDA:39,5,0,0
BRDA:39,5,1,4
BRDA:56,6,0,2
BRDA:56,6,1,0
BRDA:83,7,0,1
BRDA:83,7,1,1
BRF:16
BRH:13
end_of_record
TN:
SF:src/server/api/routers/initiative.ts
FN:30,(anonymous_0)
FN:107,(anonymous_1)
FN:137,(anonymous_2)
FN:138,(anonymous_3)
FN:214,(anonymous_4)
FN:234,(anonymous_5)
FN:305,(anonymous_6)
FN:354,(anonymous_7)
FN:384,(anonymous_8)
FNF:9
FNH:9
FNDA:4,(anonymous_0)
FNDA:10,(anonymous_1)
FNDA:1,(anonymous_2)
FNDA:1,(anonymous_3)
FNDA:9,(anonymous_4)
FNDA:9,(anonymous_5)
FNDA:3,(anonymous_6)
FNDA:4,(anonymous_7)
FNDA:2,(anonymous_8)
DA:15,9
DA:31,4
DA:44,4
DA:45,2
DA:51,2
DA:52,1
DA:57,1
DA:59,1
DA:61,0
DA:65,0
DA:66,0
DA:72,1
DA:82,1
DA:108,10
DA:110,10
DA:112,10
DA:113,3
DA:119,3
DA:127,3
DA:137,1
DA:138,1
DA:145,10
DA:158,10
DA:171,10
DA:174,10
DA:175,0
DA:180,10
DA:181,0
DA:187,10
DA:192,10
DA:209,10
DA:213,10
DA:215,9
DA:225,9
DA:232,10
DA:251,9
DA:252,9
DA:253,1
DA:259,1
DA:261,8
DA:262,8
DA:270,9
DA:272,9
DA:299,10
DA:306,3
DA:320,2
DA:325,2
DA:341,2
DA:355,4
DA:361,1
DA:362,0
DA:385,2
DA:387,2
DA:400,2
DA:401,1
DA:407,1
DA:408,0
DA:413,1
DA:415,1
DA:417,0
DA:421,0
DA:422,0
DA:428,1
LF:63
LH:53
BRDA:44,0,0,2
BRDA:44,0,1,2
BRDA:51,1,0,1
BRDA:51,1,1,1
BRDA:51,2,0,2
BRDA:51,2,1,1
BRDA:59,3,0,0
BRDA:59,3,1,1
BRDA:65,4,0,0
BRDA:65,4,1,0
BRDA:112,5,0,3
BRDA:112,5,1,7
BRDA:129,6,0,3
BRDA:129,6,1,0
BRDA:132,7,0,3
BRDA:132,7,1,0
BRDA:145,8,0,1
BRDA:145,8,1,9
BRDA:146,9,0,1
BRDA:146,9,1,0
BRDA:161,10,0,9
BRDA:161,10,1,1
BRDA:171,11,0,10
BRDA:171,11,1,9
BRDA:174,12,0,0
BRDA:174,12,1,10
BRDA:180,13,0,0
BRDA:180,13,1,10
BRDA:195,14,0,1
BRDA:195,14,1,9
BRDA:195,15,0,10
BRDA:195,15,1,1
BRDA:252,16,0,1
BRDA:252,16,1,8
BRDA:260,17,0,1
BRDA:260,17,1,0
BRDA:260,18,0,1
BRDA:260,18,1,1
BRDA:261,19,0,8
BRDA:261,19,1,0
BRDA:263,20,0,8
BRDA:263,20,1,8
BRDA:361,21,0,0
BRDA:361,21,1,1
BRDA:400,22,0,1
BRDA:400,22,1,1
BRDA:407,23,0,0
BRDA:407,23,1,1
BRDA:407,24,0,1
BRDA:407,24,1,0
BRDA:415,25,0,0
BRDA:415,25,1,1
BRDA:421,26,0,0
BRDA:421,26,1,0
BRF:54
BRH:38
end_of_record
TN:
SF:src/server/api/routers/invitations.ts
FN:17,(anonymous_0)
FN:31,(anonymous_1)
FN:34,(anonymous_2)
FN:35,(anonymous_3)
FN:47,(anonymous_4)
FN:75,(anonymous_5)
FN:92,(anonymous_6)
FN:128,(anonymous_7)
FN:181,(anonymous_8)
FNF:9
FNH:9
FNDA:1,(anonymous_0)
FNDA:5,(anonymous_1)
FNDA:6,(anonymous_2)
FNDA:5,(anonymous_3)
FNDA:1,(anonymous_4)
FNDA:5,(anonymous_5)
FNDA:1,(anonymous_6)
FNDA:3,(anonymous_7)
FNDA:2,(anonymous_8)
DA:16,9
DA:18,1
DA:25,1
DA:30,1
DA:31,5
DA:33,1
DA:34,6
DA:35,5
DA:38,1
DA:48,1
DA:56,1
DA:57,1
DA:63,1
DA:76,5
DA:82,5
DA:83,1
DA:84,1
DA:86,1
DA:88,1
DA:92,1
DA:96,1
DA:103,1
DA:105,1
DA:120,4
DA:127,4
DA:128,3
DA:129,1
DA:137,3
DA:138,2
DA:139,1
DA:144,1
DA:152,1
DA:159,1
DA:160,1
DA:162,1
DA:182,2
DA:188,2
DA:193,1
DA:199,1
DA:204,1
LF:40
LH:40
BRDA:56,0,0,1
BRDA:56,0,1,0
BRDA:82,1,0,1
BRDA:82,1,1,4
BRDA:112,2,0,1
BRDA:112,2,1,0
BRDA:127,3,0,3
BRDA:127,3,1,1
BRDA:128,4,0,1
BRDA:128,4,1,2
BRDA:137,5,0,2
BRDA:137,5,1,1
BRDA:138,6,0,1
BRDA:138,6,1,1
BRDA:168,7,0,1
BRDA:168,7,1,0
BRDA:169,8,0,1
BRDA:169,8,1,0
BRDA:188,9,0,1
BRDA:188,9,1,1
BRDA:189,10,0,2
BRDA:189,10,1,1
BRDA:189,10,2,1
BRF:23
BRH:19
end_of_record
TN:
SF:src/server/api/routers/monitor.ts
FN:17,(anonymous_0)
FN:58,(anonymous_1)
FNF:2
FNH:2
FNDA:1,(anonymous_0)
FNDA:1,(anonymous_1)
DA:5,9
DA:18,1
DA:28,1
DA:44,1
DA:59,1
DA:82,1
LF:6
LH:6
BRF:0
BRH:0
end_of_record
TN:
SF:src/server/api/routers/report.ts
FN:32,(anonymous_0)
FN:43,(anonymous_1)
FN:93,(anonymous_2)
FN:104,(anonymous_3)
FN:139,(anonymous_4)
FN:142,(anonymous_5)
FN:143,(anonymous_6)
FN:149,(anonymous_7)
FN:173,(anonymous_8)
FN:183,(anonymous_9)
FN:200,(anonymous_10)
FN:247,(anonymous_11)
FN:249,(anonymous_12)
FN:297,(anonymous_13)
FN:320,(anonymous_14)
FN:325,(anonymous_15)
FN:326,(anonymous_16)
FN:345,(anonymous_17)
FN:346,(anonymous_18)
FN:369,(anonymous_19)
FN:370,(anonymous_20)
FN:391,(anonymous_21)
FN:395,(anonymous_22)
FN:397,(anonymous_23)
FNF:24
FNH:21
FNDA:1,(anonymous_0)
FNDA:2,(anonymous_1)
FNDA:2,(anonymous_2)
FNDA:2,(anonymous_3)
FNDA:8,(anonymous_4)
FNDA:8,(anonymous_5)
FNDA:2,(anonymous_6)
FNDA:1,(anonymous_7)
FNDA:2,(anonymous_8)
FNDA:1,(anonymous_9)
FNDA:1,(anonymous_10)
FNDA:1,(anonymous_11)
FNDA:0,(anonymous_12)
FNDA:1,(anonymous_13)
FNDA:1,(anonymous_14)
FNDA:1,(anonymous_15)
FNDA:1,(anonymous_16)
FNDA:1,(anonymous_17)
FNDA:1,(anonymous_18)
FNDA:1,(anonymous_19)
FNDA:0,(anonymous_20)
FNDA:0,(anonymous_21)
FNDA:1,(anonymous_22)
FNDA:1,(anonymous_23)
DA:31,9
DA:33,1
DA:40,1
DA:42,1
DA:44,2
DA:61,2
DA:73,2
DA:83,1
DA:94,2
DA:103,2
DA:104,2
DA:107,2
DA:109,2
DA:120,2
DA:132,2
DA:139,8
DA:142,8
DA:143,2
DA:149,1
DA:154,2
DA:161,2
DA:174,2
DA:176,2
DA:183,2
DA:185,2
DA:200,1
DA:202,2
DA:211,2
DA:215,2
DA:246,2
DA:248,1
DA:250,0
DA:255,1
DA:256,1
DA:264,0
DA:271,0
DA:279,1
DA:284,2
DA:298,1
DA:319,1
DA:320,1
DA:325,1
DA:326,1
DA:327,1
DA:329,1
DA:330,1
DA:345,1
DA:346,1
DA:347,1
DA:348,1
DA:349,1
DA:350,1
DA:351,1
DA:352,1
DA:353,1
DA:359,1
DA:368,1
DA:370,1
DA:372,1
DA:373,0
DA:375,1
DA:378,1
DA:383,1
DA:390,1
DA:391,0
DA:395,1
DA:397,1
DA:411,1
LF:68
LH:63
BRDA:40,0,0,0
BRDA:40,0,1,1
BRDA:113,1,0,2
BRDA:113,1,1,2
BRDA:120,2,0,1
BRDA:120,2,1,1
BRDA:125,3,0,1
BRDA:125,3,1,1
BRDA:157,4,0,2
BRDA:157,4,1,2
BRDA:174,5,0,2
BRDA:174,5,1,0
BRDA:176,6,0,2
BRDA:176,6,1,0
BRDA:183,7,0,2
BRDA:183,7,1,0
BRDA:242,8,0,2
BRDA:242,8,1,0
BRDA:242,9,0,2
BRDA:242,9,1,2
BRDA:250,10,0,0
BRDA:250,10,1,0
BRDA:255,11,0,1
BRDA:255,11,1,0
BRDA:273,12,0,0
BRDA:273,12,1,0
BRDA:274,13,0,0
BRDA:274,13,1,0
BRDA:320,14,0,1
BRDA:320,14,1,0
BRDA:329,15,0,1
BRDA:329,15,1,0
BRDA:348,16,0,1
BRDA:348,16,1,0
BRDA:372,17,0,0
BRDA:372,17,1,1
BRF:36
BRH:20
end_of_record
TN:
SF:src/server/api/routers/settings.ts
FN:24,(anonymous_0)
FN:52,(anonymous_1)
FN:76,(anonymous_2)
FN:78,(anonymous_3)
FN:81,(anonymous_4)
FN:82,(anonymous_5)
FN:94,(anonymous_6)
FN:109,(anonymous_7)
FN:118,(anonymous_8)
FN:124,(anonymous_9)
FNF:10
FNH:10
FNDA:1,(anonymous_0)
FNDA:2,(anonymous_1)
FNDA:2,(anonymous_2)
FNDA:4,(anonymous_3)
FNDA:8,(anonymous_4)
FNDA:2,(anonymous_5)
FNDA:1,(anonymous_6)
FNDA:1,(anonymous_7)
FNDA:1,(anonymous_8)
FNDA:3,(anonymous_9)
DA:9,9
DA:25,1
DA:27,1
DA:29,1
DA:31,1
DA:32,1
DA:35,1
DA:36,1
DA:39,1
DA:53,2
DA:55,2
DA:60,2
DA:62,1
DA:64,1
DA:71,1
DA:76,2
DA:78,4
DA:81,8
DA:82,2
DA:85,1
DA:95,1
DA:97,1
DA:110,1
DA:112,1
DA:119,1
DA:120,1
DA:122,1
DA:124,3
LF:28
LH:28
BRDA:31,0,0,1
BRDA:31,0,1,0
BRDA:31,1,0,1
BRDA:31,1,1,1
BRDA:35,2,0,1
BRDA:35,2,1,0
BRDA:35,3,0,1
BRDA:35,3,1,1
BRDA:35,3,2,0
BRDA:44,4,0,1
BRDA:44,4,1,0
BRDA:60,5,0,1
BRDA:60,5,1,1
BRF:13
BRH:9
end_of_record
