{"/Users/felipeborras/Desktop/cacta-platform/src/server/api/routers/auth.ts": {"path":"/Users/felipeborras/Desktop/cacta-platform/src/server/api/routers/auth.ts","statementMap":{"0":{"start":{"line":6,"column":27},"end":{"line":6,"column":29}},"1":{"start":{"line":8,"column":26},"end":{"line":24,"column":2}},"2":{"start":{"line":12,"column":21},"end":{"line":12,"column":40}},"3":{"start":{"line":14,"column":29},"end":{"line":14,"column":65}},"4":{"start":{"line":16,"column":6},"end":{"line":22,"column":9}}},"fnMap":{"0":{"name":"(anonymous_0)","decl":{"start":{"line":11,"column":14},"end":{"line":11,"column":15}},"loc":{"start":{"line":11,"column":57},"end":{"line":23,"column":5}},"line":11}},"branchMap":{},"s":{"0":1,"1":1,"2":1,"3":1,"4":1},"f":{"0":1},"b":{},"_coverageSchema":"1a1c01bbd47fc00a2c39e90264f33305004495a9","hash":"ad4fe20703112d5dd0483388ded2975d9ddece7c"}
}
